<?xml version="1.0" encoding="utf-8"?>
<testsuites time="6.094" tests="27" failures="16">
  <testsuite id="0" name="Source.TestSubmission.dll" tests="27" failures="16" time="6.094">
    <testcase classname="Codenation.Challenge.AuthenticationTest" name="Codenation.Challenge.AuthenticationTest.Should_Non_Admin_User_Be_Not_Authorized_On_Route_User(userId: 3)" time="1.8090000">
      <error message="System.AggregateException : One or more errors occurred. (Invalid column name 'created_at'.)&#xD;&#xA;---- System.Data.SqlClient.SqlException : Invalid column name 'created_at'.">   at System.Threading.Tasks.Task`1.GetResultCore(Boolean waitCompletionNotification)
   at Codenation.Challenge.AuthenticationTest.GetToken(String email, String password) in C:\Users\Moonlit\codenation\csharp-10\Source.TestSubmission\AuthenticationTest.cs:line 60
   at Codenation.Challenge.AuthenticationTest.Should_Non_Admin_User_Be_Not_Authorized_On_Route_User(Int32 userId) in C:\Users\Moonlit\codenation\csharp-10\Source.TestSubmission\AuthenticationTest.cs:line 170
----- Inner Stack Trace -----
   at System.Data.SqlClient.SqlConnection.OnError(SqlException exception, Boolean breakConnection, Action`1 wrapCloseInAction)
   at System.Data.SqlClient.SqlInternalConnection.OnError(SqlException exception, Boolean breakConnection, Action`1 wrapCloseInAction)
   at System.Data.SqlClient.TdsParser.ThrowExceptionAndWarning(TdsParserStateObject stateObj, Boolean callerHasConnectionLock, Boolean asyncClose)
   at System.Data.SqlClient.TdsParser.TryRun(RunBehavior runBehavior, SqlCommand cmdHandler, SqlDataReader dataStream, BulkCopySimpleResultSet bulkCopyHandler, TdsParserStateObject stateObj, Boolean&amp; dataReady)
   at System.Data.SqlClient.SqlDataReader.TryConsumeMetaData()
   at System.Data.SqlClient.SqlDataReader.get_MetaData()
   at System.Data.SqlClient.SqlCommand.FinishExecuteReader(SqlDataReader ds, RunBehavior runBehavior, String resetOptionsString)
   at System.Data.SqlClient.SqlCommand.RunExecuteReaderTds(CommandBehavior cmdBehavior, RunBehavior runBehavior, Boolean returnStream, Boolean async, Int32 timeout, Task&amp; task, Boolean asyncWrite, SqlDataReader ds)
   at System.Data.SqlClient.SqlCommand.RunExecuteReader(CommandBehavior cmdBehavior, RunBehavior runBehavior, Boolean returnStream, TaskCompletionSource`1 completion, Int32 timeout, Task&amp; task, Boolean asyncWrite, String method)
   at System.Data.SqlClient.SqlCommand.ExecuteReader(CommandBehavior behavior)
   at System.Data.SqlClient.SqlCommand.ExecuteDbDataReader(CommandBehavior behavior)
   at System.Data.Common.DbCommand.ExecuteReader()
   at Microsoft.EntityFrameworkCore.Storage.Internal.RelationalCommand.Execute(IRelationalConnection connection, DbCommandMethod executeMethod, IReadOnlyDictionary`2 parameterValues)
   at Microsoft.EntityFrameworkCore.Storage.Internal.RelationalCommand.ExecuteReader(IRelationalConnection connection, IReadOnlyDictionary`2 parameterValues)
   at Microsoft.EntityFrameworkCore.Query.Internal.QueryingEnumerable`1.Enumerator.BufferlessMoveNext(DbContext _, Boolean buffer)
   at Microsoft.EntityFrameworkCore.SqlServer.Storage.Internal.SqlServerExecutionStrategy.Execute[TState,TResult](TState state, Func`3 operation, Func`3 verifySucceeded)
   at Microsoft.EntityFrameworkCore.Query.Internal.QueryingEnumerable`1.Enumerator.MoveNext()
   at System.Linq.Enumerable.TryGetFirst[TSource](IEnumerable`1 source, Boolean&amp; found)
   at lambda_method(Closure )
   at Microsoft.EntityFrameworkCore.Query.Internal.LinqOperatorProvider.ResultEnumerable`1.GetEnumerator()
   at Microsoft.EntityFrameworkCore.Query.Internal.LinqOperatorProvider._TrackEntities[TOut,TIn](IEnumerable`1 results, QueryContext queryContext, IList`1 entityTrackingInfos, IList`1 entityAccessors)+MoveNext()
   at Microsoft.EntityFrameworkCore.Query.Internal.LinqOperatorProvider.ExceptionInterceptor`1.EnumeratorExceptionInterceptor.MoveNext()
   at System.Linq.Enumerable.TryGetFirst[TSource](IEnumerable`1 source, Boolean&amp; found)
   at System.Linq.Enumerable.First[TSource](IEnumerable`1 source)
   at Microsoft.EntityFrameworkCore.Query.Internal.QueryCompiler.&lt;&gt;c__DisplayClass15_1`1.&lt;CompileQueryCore&gt;b__0(QueryContext qc)
   at Microsoft.EntityFrameworkCore.Query.Internal.QueryCompiler.Execute[TResult](Expression query)
   at Microsoft.EntityFrameworkCore.Query.Internal.EntityQueryProvider.Execute[TResult](Expression expression)
   at System.Linq.Queryable.FirstOrDefault[TSource](IQueryable`1 source)
   at Codenation.Challenge.Services.PasswordValidatorService.ValidateAsync(ResourceOwnerPasswordValidationContext context) in C:\Users\Moonlit\codenation\csharp-10\Source\Services\PasswordValidatorService.cs:line 25
   at IdentityServer4.Validation.TokenRequestValidator.ValidateResourceOwnerCredentialRequestAsync(NameValueCollection parameters) in C:\local\identity\server4\IdentityServer4\src\IdentityServer4\src\Validation\Default\TokenRequestValidator.cs:line 414
   at IdentityServer4.Validation.TokenRequestValidator.RunValidationAsync(Func`2 validationFunc, NameValueCollection parameters) in C:\local\identity\server4\IdentityServer4\src\IdentityServer4\src\Validation\Default\TokenRequestValidator.cs:line 151
   at IdentityServer4.Validation.TokenRequestValidator.ValidateRequestAsync(NameValueCollection parameters, ClientSecretValidationResult clientValidationResult) in C:\local\identity\server4\IdentityServer4\src\IdentityServer4\src\Validation\Default\TokenRequestValidator.cs:line 138
   at IdentityServer4.Endpoints.TokenEndpoint.ProcessTokenRequestAsync(HttpContext context) in C:\local\identity\server4\IdentityServer4\src\IdentityServer4\src\Endpoints\TokenEndpoint.cs:line 88
   at IdentityServer4.Endpoints.TokenEndpoint.ProcessAsync(HttpContext context) in C:\local\identity\server4\IdentityServer4\src\IdentityServer4\src\Endpoints\TokenEndpoint.cs:line 70
   at IdentityServer4.Hosting.IdentityServerMiddleware.Invoke(HttpContext context, IEndpointRouter router, IUserSession session, IEventService events) in C:\local\identity\server4\IdentityServer4\src\IdentityServer4\src\Hosting\IdentityServerMiddleware.cs:line 54
   at IdentityServer4.Hosting.IdentityServerMiddleware.Invoke(HttpContext context, IEndpointRouter router, IUserSession session, IEventService events) in C:\local\identity\server4\IdentityServer4\src\IdentityServer4\src\Hosting\IdentityServerMiddleware.cs:line 69
   at IdentityServer4.Hosting.MutualTlsTokenEndpointMiddleware.Invoke(HttpContext context, IAuthenticationSchemeProvider schemes) in C:\local\identity\server4\IdentityServer4\src\IdentityServer4\src\Hosting\MtlsTokenEndpointMiddleware.cs:line 60
   at Microsoft.AspNetCore.Authentication.AuthenticationMiddleware.Invoke(HttpContext context)
   at IdentityServer4.Hosting.BaseUrlMiddleware.Invoke(HttpContext context) in C:\local\identity\server4\IdentityServer4\src\IdentityServer4\src\Hosting\BaseUrlMiddleware.cs:line 36
   at Microsoft.AspNetCore.TestHost.HttpContextBuilder.&lt;&gt;c__DisplayClass10_0.&lt;&lt;SendAsync&gt;b__0&gt;d.MoveNext()
--- End of stack trace from previous location where exception was thrown ---
   at Microsoft.AspNetCore.TestHost.ClientHandler.SendAsync(HttpRequestMessage request, CancellationToken cancellationToken)
   at System.Net.Http.HttpClient.FinishSendAsyncBuffered(Task`1 sendTask, HttpRequestMessage request, CancellationTokenSource cts, Boolean disposeCts)</error>
    </testcase>
    <testcase classname="Codenation.Challenge.AuthenticationTest" name="Codenation.Challenge.AuthenticationTest.Should_Non_Admin_User_Be_Not_Authorized_On_Route_User(userId: 5)" time="0.1900000">
      <error message="System.AggregateException : One or more errors occurred. (Invalid column name 'created_at'.)&#xD;&#xA;---- System.Data.SqlClient.SqlException : Invalid column name 'created_at'.">   at System.Threading.Tasks.Task`1.GetResultCore(Boolean waitCompletionNotification)
   at Codenation.Challenge.AuthenticationTest.GetToken(String email, String password) in C:\Users\Moonlit\codenation\csharp-10\Source.TestSubmission\AuthenticationTest.cs:line 60
   at Codenation.Challenge.AuthenticationTest.Should_Non_Admin_User_Be_Not_Authorized_On_Route_User(Int32 userId) in C:\Users\Moonlit\codenation\csharp-10\Source.TestSubmission\AuthenticationTest.cs:line 170
----- Inner Stack Trace -----
   at System.Data.SqlClient.SqlConnection.OnError(SqlException exception, Boolean breakConnection, Action`1 wrapCloseInAction)
   at System.Data.SqlClient.SqlInternalConnection.OnError(SqlException exception, Boolean breakConnection, Action`1 wrapCloseInAction)
   at System.Data.SqlClient.TdsParser.ThrowExceptionAndWarning(TdsParserStateObject stateObj, Boolean callerHasConnectionLock, Boolean asyncClose)
   at System.Data.SqlClient.TdsParser.TryRun(RunBehavior runBehavior, SqlCommand cmdHandler, SqlDataReader dataStream, BulkCopySimpleResultSet bulkCopyHandler, TdsParserStateObject stateObj, Boolean&amp; dataReady)
   at System.Data.SqlClient.SqlDataReader.TryConsumeMetaData()
   at System.Data.SqlClient.SqlDataReader.get_MetaData()
   at System.Data.SqlClient.SqlCommand.FinishExecuteReader(SqlDataReader ds, RunBehavior runBehavior, String resetOptionsString)
   at System.Data.SqlClient.SqlCommand.RunExecuteReaderTds(CommandBehavior cmdBehavior, RunBehavior runBehavior, Boolean returnStream, Boolean async, Int32 timeout, Task&amp; task, Boolean asyncWrite, SqlDataReader ds)
   at System.Data.SqlClient.SqlCommand.RunExecuteReader(CommandBehavior cmdBehavior, RunBehavior runBehavior, Boolean returnStream, TaskCompletionSource`1 completion, Int32 timeout, Task&amp; task, Boolean asyncWrite, String method)
   at System.Data.SqlClient.SqlCommand.ExecuteReader(CommandBehavior behavior)
   at System.Data.SqlClient.SqlCommand.ExecuteDbDataReader(CommandBehavior behavior)
   at System.Data.Common.DbCommand.ExecuteReader()
   at Microsoft.EntityFrameworkCore.Storage.Internal.RelationalCommand.Execute(IRelationalConnection connection, DbCommandMethod executeMethod, IReadOnlyDictionary`2 parameterValues)
   at Microsoft.EntityFrameworkCore.Storage.Internal.RelationalCommand.ExecuteReader(IRelationalConnection connection, IReadOnlyDictionary`2 parameterValues)
   at Microsoft.EntityFrameworkCore.Query.Internal.QueryingEnumerable`1.Enumerator.BufferlessMoveNext(DbContext _, Boolean buffer)
   at Microsoft.EntityFrameworkCore.SqlServer.Storage.Internal.SqlServerExecutionStrategy.Execute[TState,TResult](TState state, Func`3 operation, Func`3 verifySucceeded)
   at Microsoft.EntityFrameworkCore.Query.Internal.QueryingEnumerable`1.Enumerator.MoveNext()
   at System.Linq.Enumerable.TryGetFirst[TSource](IEnumerable`1 source, Boolean&amp; found)
   at lambda_method(Closure )
   at Microsoft.EntityFrameworkCore.Query.Internal.LinqOperatorProvider.ResultEnumerable`1.GetEnumerator()
   at Microsoft.EntityFrameworkCore.Query.Internal.LinqOperatorProvider._TrackEntities[TOut,TIn](IEnumerable`1 results, QueryContext queryContext, IList`1 entityTrackingInfos, IList`1 entityAccessors)+MoveNext()
   at Microsoft.EntityFrameworkCore.Query.Internal.LinqOperatorProvider.ExceptionInterceptor`1.EnumeratorExceptionInterceptor.MoveNext()
   at System.Linq.Enumerable.TryGetFirst[TSource](IEnumerable`1 source, Boolean&amp; found)
   at System.Linq.Enumerable.First[TSource](IEnumerable`1 source)
   at Microsoft.EntityFrameworkCore.Query.Internal.QueryCompiler.&lt;&gt;c__DisplayClass15_1`1.&lt;CompileQueryCore&gt;b__0(QueryContext qc)
   at Microsoft.EntityFrameworkCore.Query.Internal.QueryCompiler.Execute[TResult](Expression query)
   at Microsoft.EntityFrameworkCore.Query.Internal.EntityQueryProvider.Execute[TResult](Expression expression)
   at System.Linq.Queryable.FirstOrDefault[TSource](IQueryable`1 source)
   at Codenation.Challenge.Services.PasswordValidatorService.ValidateAsync(ResourceOwnerPasswordValidationContext context) in C:\Users\Moonlit\codenation\csharp-10\Source\Services\PasswordValidatorService.cs:line 25
   at IdentityServer4.Validation.TokenRequestValidator.ValidateResourceOwnerCredentialRequestAsync(NameValueCollection parameters) in C:\local\identity\server4\IdentityServer4\src\IdentityServer4\src\Validation\Default\TokenRequestValidator.cs:line 414
   at IdentityServer4.Validation.TokenRequestValidator.RunValidationAsync(Func`2 validationFunc, NameValueCollection parameters) in C:\local\identity\server4\IdentityServer4\src\IdentityServer4\src\Validation\Default\TokenRequestValidator.cs:line 151
   at IdentityServer4.Validation.TokenRequestValidator.ValidateRequestAsync(NameValueCollection parameters, ClientSecretValidationResult clientValidationResult) in C:\local\identity\server4\IdentityServer4\src\IdentityServer4\src\Validation\Default\TokenRequestValidator.cs:line 138
   at IdentityServer4.Endpoints.TokenEndpoint.ProcessTokenRequestAsync(HttpContext context) in C:\local\identity\server4\IdentityServer4\src\IdentityServer4\src\Endpoints\TokenEndpoint.cs:line 88
   at IdentityServer4.Endpoints.TokenEndpoint.ProcessAsync(HttpContext context) in C:\local\identity\server4\IdentityServer4\src\IdentityServer4\src\Endpoints\TokenEndpoint.cs:line 70
   at IdentityServer4.Hosting.IdentityServerMiddleware.Invoke(HttpContext context, IEndpointRouter router, IUserSession session, IEventService events) in C:\local\identity\server4\IdentityServer4\src\IdentityServer4\src\Hosting\IdentityServerMiddleware.cs:line 54
   at IdentityServer4.Hosting.IdentityServerMiddleware.Invoke(HttpContext context, IEndpointRouter router, IUserSession session, IEventService events) in C:\local\identity\server4\IdentityServer4\src\IdentityServer4\src\Hosting\IdentityServerMiddleware.cs:line 69
   at IdentityServer4.Hosting.MutualTlsTokenEndpointMiddleware.Invoke(HttpContext context, IAuthenticationSchemeProvider schemes) in C:\local\identity\server4\IdentityServer4\src\IdentityServer4\src\Hosting\MtlsTokenEndpointMiddleware.cs:line 60
   at Microsoft.AspNetCore.Authentication.AuthenticationMiddleware.Invoke(HttpContext context)
   at IdentityServer4.Hosting.BaseUrlMiddleware.Invoke(HttpContext context) in C:\local\identity\server4\IdentityServer4\src\IdentityServer4\src\Hosting\BaseUrlMiddleware.cs:line 36
   at Microsoft.AspNetCore.TestHost.HttpContextBuilder.&lt;&gt;c__DisplayClass10_0.&lt;&lt;SendAsync&gt;b__0&gt;d.MoveNext()
--- End of stack trace from previous location where exception was thrown ---
   at Microsoft.AspNetCore.TestHost.ClientHandler.SendAsync(HttpRequestMessage request, CancellationToken cancellationToken)
   at System.Net.Http.HttpClient.FinishSendAsyncBuffered(Task`1 sendTask, HttpRequestMessage request, CancellationTokenSource cts, Boolean disposeCts)</error>
    </testcase>
    <testcase classname="Codenation.Challenge.AuthenticationTest" name="Codenation.Challenge.AuthenticationTest.Should_Non_Admin_User_Be_Not_Authorized_On_Route_User(userId: 1)" time="0.1800000">
      <error message="System.AggregateException : One or more errors occurred. (Invalid column name 'created_at'.)&#xD;&#xA;---- System.Data.SqlClient.SqlException : Invalid column name 'created_at'.">   at System.Threading.Tasks.Task`1.GetResultCore(Boolean waitCompletionNotification)
   at Codenation.Challenge.AuthenticationTest.GetToken(String email, String password) in C:\Users\Moonlit\codenation\csharp-10\Source.TestSubmission\AuthenticationTest.cs:line 60
   at Codenation.Challenge.AuthenticationTest.Should_Non_Admin_User_Be_Not_Authorized_On_Route_User(Int32 userId) in C:\Users\Moonlit\codenation\csharp-10\Source.TestSubmission\AuthenticationTest.cs:line 170
----- Inner Stack Trace -----
   at System.Data.SqlClient.SqlConnection.OnError(SqlException exception, Boolean breakConnection, Action`1 wrapCloseInAction)
   at System.Data.SqlClient.SqlInternalConnection.OnError(SqlException exception, Boolean breakConnection, Action`1 wrapCloseInAction)
   at System.Data.SqlClient.TdsParser.ThrowExceptionAndWarning(TdsParserStateObject stateObj, Boolean callerHasConnectionLock, Boolean asyncClose)
   at System.Data.SqlClient.TdsParser.TryRun(RunBehavior runBehavior, SqlCommand cmdHandler, SqlDataReader dataStream, BulkCopySimpleResultSet bulkCopyHandler, TdsParserStateObject stateObj, Boolean&amp; dataReady)
   at System.Data.SqlClient.SqlDataReader.TryConsumeMetaData()
   at System.Data.SqlClient.SqlDataReader.get_MetaData()
   at System.Data.SqlClient.SqlCommand.FinishExecuteReader(SqlDataReader ds, RunBehavior runBehavior, String resetOptionsString)
   at System.Data.SqlClient.SqlCommand.RunExecuteReaderTds(CommandBehavior cmdBehavior, RunBehavior runBehavior, Boolean returnStream, Boolean async, Int32 timeout, Task&amp; task, Boolean asyncWrite, SqlDataReader ds)
   at System.Data.SqlClient.SqlCommand.RunExecuteReader(CommandBehavior cmdBehavior, RunBehavior runBehavior, Boolean returnStream, TaskCompletionSource`1 completion, Int32 timeout, Task&amp; task, Boolean asyncWrite, String method)
   at System.Data.SqlClient.SqlCommand.ExecuteReader(CommandBehavior behavior)
   at System.Data.SqlClient.SqlCommand.ExecuteDbDataReader(CommandBehavior behavior)
   at System.Data.Common.DbCommand.ExecuteReader()
   at Microsoft.EntityFrameworkCore.Storage.Internal.RelationalCommand.Execute(IRelationalConnection connection, DbCommandMethod executeMethod, IReadOnlyDictionary`2 parameterValues)
   at Microsoft.EntityFrameworkCore.Storage.Internal.RelationalCommand.ExecuteReader(IRelationalConnection connection, IReadOnlyDictionary`2 parameterValues)
   at Microsoft.EntityFrameworkCore.Query.Internal.QueryingEnumerable`1.Enumerator.BufferlessMoveNext(DbContext _, Boolean buffer)
   at Microsoft.EntityFrameworkCore.SqlServer.Storage.Internal.SqlServerExecutionStrategy.Execute[TState,TResult](TState state, Func`3 operation, Func`3 verifySucceeded)
   at Microsoft.EntityFrameworkCore.Query.Internal.QueryingEnumerable`1.Enumerator.MoveNext()
   at System.Linq.Enumerable.TryGetFirst[TSource](IEnumerable`1 source, Boolean&amp; found)
   at lambda_method(Closure )
   at Microsoft.EntityFrameworkCore.Query.Internal.LinqOperatorProvider.ResultEnumerable`1.GetEnumerator()
   at Microsoft.EntityFrameworkCore.Query.Internal.LinqOperatorProvider._TrackEntities[TOut,TIn](IEnumerable`1 results, QueryContext queryContext, IList`1 entityTrackingInfos, IList`1 entityAccessors)+MoveNext()
   at Microsoft.EntityFrameworkCore.Query.Internal.LinqOperatorProvider.ExceptionInterceptor`1.EnumeratorExceptionInterceptor.MoveNext()
   at System.Linq.Enumerable.TryGetFirst[TSource](IEnumerable`1 source, Boolean&amp; found)
   at System.Linq.Enumerable.First[TSource](IEnumerable`1 source)
   at Microsoft.EntityFrameworkCore.Query.Internal.QueryCompiler.&lt;&gt;c__DisplayClass15_1`1.&lt;CompileQueryCore&gt;b__0(QueryContext qc)
   at Microsoft.EntityFrameworkCore.Query.Internal.QueryCompiler.Execute[TResult](Expression query)
   at Microsoft.EntityFrameworkCore.Query.Internal.EntityQueryProvider.Execute[TResult](Expression expression)
   at System.Linq.Queryable.FirstOrDefault[TSource](IQueryable`1 source)
   at Codenation.Challenge.Services.PasswordValidatorService.ValidateAsync(ResourceOwnerPasswordValidationContext context) in C:\Users\Moonlit\codenation\csharp-10\Source\Services\PasswordValidatorService.cs:line 25
   at IdentityServer4.Validation.TokenRequestValidator.ValidateResourceOwnerCredentialRequestAsync(NameValueCollection parameters) in C:\local\identity\server4\IdentityServer4\src\IdentityServer4\src\Validation\Default\TokenRequestValidator.cs:line 414
   at IdentityServer4.Validation.TokenRequestValidator.RunValidationAsync(Func`2 validationFunc, NameValueCollection parameters) in C:\local\identity\server4\IdentityServer4\src\IdentityServer4\src\Validation\Default\TokenRequestValidator.cs:line 151
   at IdentityServer4.Validation.TokenRequestValidator.ValidateRequestAsync(NameValueCollection parameters, ClientSecretValidationResult clientValidationResult) in C:\local\identity\server4\IdentityServer4\src\IdentityServer4\src\Validation\Default\TokenRequestValidator.cs:line 138
   at IdentityServer4.Endpoints.TokenEndpoint.ProcessTokenRequestAsync(HttpContext context) in C:\local\identity\server4\IdentityServer4\src\IdentityServer4\src\Endpoints\TokenEndpoint.cs:line 88
   at IdentityServer4.Endpoints.TokenEndpoint.ProcessAsync(HttpContext context) in C:\local\identity\server4\IdentityServer4\src\IdentityServer4\src\Endpoints\TokenEndpoint.cs:line 70
   at IdentityServer4.Hosting.IdentityServerMiddleware.Invoke(HttpContext context, IEndpointRouter router, IUserSession session, IEventService events) in C:\local\identity\server4\IdentityServer4\src\IdentityServer4\src\Hosting\IdentityServerMiddleware.cs:line 54
   at IdentityServer4.Hosting.IdentityServerMiddleware.Invoke(HttpContext context, IEndpointRouter router, IUserSession session, IEventService events) in C:\local\identity\server4\IdentityServer4\src\IdentityServer4\src\Hosting\IdentityServerMiddleware.cs:line 69
   at IdentityServer4.Hosting.MutualTlsTokenEndpointMiddleware.Invoke(HttpContext context, IAuthenticationSchemeProvider schemes) in C:\local\identity\server4\IdentityServer4\src\IdentityServer4\src\Hosting\MtlsTokenEndpointMiddleware.cs:line 60
   at Microsoft.AspNetCore.Authentication.AuthenticationMiddleware.Invoke(HttpContext context)
   at IdentityServer4.Hosting.BaseUrlMiddleware.Invoke(HttpContext context) in C:\local\identity\server4\IdentityServer4\src\IdentityServer4\src\Hosting\BaseUrlMiddleware.cs:line 36
   at Microsoft.AspNetCore.TestHost.HttpContextBuilder.&lt;&gt;c__DisplayClass10_0.&lt;&lt;SendAsync&gt;b__0&gt;d.MoveNext()
--- End of stack trace from previous location where exception was thrown ---
   at Microsoft.AspNetCore.TestHost.ClientHandler.SendAsync(HttpRequestMessage request, CancellationToken cancellationToken)
   at System.Net.Http.HttpClient.FinishSendAsyncBuffered(Task`1 sendTask, HttpRequestMessage request, CancellationTokenSource cts, Boolean disposeCts)</error>
    </testcase>
    <testcase classname="Codenation.Challenge.AuthenticationTest" name="Codenation.Challenge.AuthenticationTest.Should_Non_Admin_User_Be_Not_Authorized_On_Route_User(userId: 9)" time="0.1780000">
      <error message="System.AggregateException : One or more errors occurred. (Invalid column name 'created_at'.)&#xD;&#xA;---- System.Data.SqlClient.SqlException : Invalid column name 'created_at'.">   at System.Threading.Tasks.Task`1.GetResultCore(Boolean waitCompletionNotification)
   at Codenation.Challenge.AuthenticationTest.GetToken(String email, String password) in C:\Users\Moonlit\codenation\csharp-10\Source.TestSubmission\AuthenticationTest.cs:line 60
   at Codenation.Challenge.AuthenticationTest.Should_Non_Admin_User_Be_Not_Authorized_On_Route_User(Int32 userId) in C:\Users\Moonlit\codenation\csharp-10\Source.TestSubmission\AuthenticationTest.cs:line 170
----- Inner Stack Trace -----
   at System.Data.SqlClient.SqlConnection.OnError(SqlException exception, Boolean breakConnection, Action`1 wrapCloseInAction)
   at System.Data.SqlClient.SqlInternalConnection.OnError(SqlException exception, Boolean breakConnection, Action`1 wrapCloseInAction)
   at System.Data.SqlClient.TdsParser.ThrowExceptionAndWarning(TdsParserStateObject stateObj, Boolean callerHasConnectionLock, Boolean asyncClose)
   at System.Data.SqlClient.TdsParser.TryRun(RunBehavior runBehavior, SqlCommand cmdHandler, SqlDataReader dataStream, BulkCopySimpleResultSet bulkCopyHandler, TdsParserStateObject stateObj, Boolean&amp; dataReady)
   at System.Data.SqlClient.SqlDataReader.TryConsumeMetaData()
   at System.Data.SqlClient.SqlDataReader.get_MetaData()
   at System.Data.SqlClient.SqlCommand.FinishExecuteReader(SqlDataReader ds, RunBehavior runBehavior, String resetOptionsString)
   at System.Data.SqlClient.SqlCommand.RunExecuteReaderTds(CommandBehavior cmdBehavior, RunBehavior runBehavior, Boolean returnStream, Boolean async, Int32 timeout, Task&amp; task, Boolean asyncWrite, SqlDataReader ds)
   at System.Data.SqlClient.SqlCommand.RunExecuteReader(CommandBehavior cmdBehavior, RunBehavior runBehavior, Boolean returnStream, TaskCompletionSource`1 completion, Int32 timeout, Task&amp; task, Boolean asyncWrite, String method)
   at System.Data.SqlClient.SqlCommand.ExecuteReader(CommandBehavior behavior)
   at System.Data.SqlClient.SqlCommand.ExecuteDbDataReader(CommandBehavior behavior)
   at System.Data.Common.DbCommand.ExecuteReader()
   at Microsoft.EntityFrameworkCore.Storage.Internal.RelationalCommand.Execute(IRelationalConnection connection, DbCommandMethod executeMethod, IReadOnlyDictionary`2 parameterValues)
   at Microsoft.EntityFrameworkCore.Storage.Internal.RelationalCommand.ExecuteReader(IRelationalConnection connection, IReadOnlyDictionary`2 parameterValues)
   at Microsoft.EntityFrameworkCore.Query.Internal.QueryingEnumerable`1.Enumerator.BufferlessMoveNext(DbContext _, Boolean buffer)
   at Microsoft.EntityFrameworkCore.SqlServer.Storage.Internal.SqlServerExecutionStrategy.Execute[TState,TResult](TState state, Func`3 operation, Func`3 verifySucceeded)
   at Microsoft.EntityFrameworkCore.Query.Internal.QueryingEnumerable`1.Enumerator.MoveNext()
   at System.Linq.Enumerable.TryGetFirst[TSource](IEnumerable`1 source, Boolean&amp; found)
   at lambda_method(Closure )
   at Microsoft.EntityFrameworkCore.Query.Internal.LinqOperatorProvider.ResultEnumerable`1.GetEnumerator()
   at Microsoft.EntityFrameworkCore.Query.Internal.LinqOperatorProvider._TrackEntities[TOut,TIn](IEnumerable`1 results, QueryContext queryContext, IList`1 entityTrackingInfos, IList`1 entityAccessors)+MoveNext()
   at Microsoft.EntityFrameworkCore.Query.Internal.LinqOperatorProvider.ExceptionInterceptor`1.EnumeratorExceptionInterceptor.MoveNext()
   at System.Linq.Enumerable.TryGetFirst[TSource](IEnumerable`1 source, Boolean&amp; found)
   at System.Linq.Enumerable.First[TSource](IEnumerable`1 source)
   at Microsoft.EntityFrameworkCore.Query.Internal.QueryCompiler.&lt;&gt;c__DisplayClass15_1`1.&lt;CompileQueryCore&gt;b__0(QueryContext qc)
   at Microsoft.EntityFrameworkCore.Query.Internal.QueryCompiler.Execute[TResult](Expression query)
   at Microsoft.EntityFrameworkCore.Query.Internal.EntityQueryProvider.Execute[TResult](Expression expression)
   at System.Linq.Queryable.FirstOrDefault[TSource](IQueryable`1 source)
   at Codenation.Challenge.Services.PasswordValidatorService.ValidateAsync(ResourceOwnerPasswordValidationContext context) in C:\Users\Moonlit\codenation\csharp-10\Source\Services\PasswordValidatorService.cs:line 25
   at IdentityServer4.Validation.TokenRequestValidator.ValidateResourceOwnerCredentialRequestAsync(NameValueCollection parameters) in C:\local\identity\server4\IdentityServer4\src\IdentityServer4\src\Validation\Default\TokenRequestValidator.cs:line 414
   at IdentityServer4.Validation.TokenRequestValidator.RunValidationAsync(Func`2 validationFunc, NameValueCollection parameters) in C:\local\identity\server4\IdentityServer4\src\IdentityServer4\src\Validation\Default\TokenRequestValidator.cs:line 151
   at IdentityServer4.Validation.TokenRequestValidator.ValidateRequestAsync(NameValueCollection parameters, ClientSecretValidationResult clientValidationResult) in C:\local\identity\server4\IdentityServer4\src\IdentityServer4\src\Validation\Default\TokenRequestValidator.cs:line 138
   at IdentityServer4.Endpoints.TokenEndpoint.ProcessTokenRequestAsync(HttpContext context) in C:\local\identity\server4\IdentityServer4\src\IdentityServer4\src\Endpoints\TokenEndpoint.cs:line 88
   at IdentityServer4.Endpoints.TokenEndpoint.ProcessAsync(HttpContext context) in C:\local\identity\server4\IdentityServer4\src\IdentityServer4\src\Endpoints\TokenEndpoint.cs:line 70
   at IdentityServer4.Hosting.IdentityServerMiddleware.Invoke(HttpContext context, IEndpointRouter router, IUserSession session, IEventService events) in C:\local\identity\server4\IdentityServer4\src\IdentityServer4\src\Hosting\IdentityServerMiddleware.cs:line 54
   at IdentityServer4.Hosting.IdentityServerMiddleware.Invoke(HttpContext context, IEndpointRouter router, IUserSession session, IEventService events) in C:\local\identity\server4\IdentityServer4\src\IdentityServer4\src\Hosting\IdentityServerMiddleware.cs:line 69
   at IdentityServer4.Hosting.MutualTlsTokenEndpointMiddleware.Invoke(HttpContext context, IAuthenticationSchemeProvider schemes) in C:\local\identity\server4\IdentityServer4\src\IdentityServer4\src\Hosting\MtlsTokenEndpointMiddleware.cs:line 60
   at Microsoft.AspNetCore.Authentication.AuthenticationMiddleware.Invoke(HttpContext context)
   at IdentityServer4.Hosting.BaseUrlMiddleware.Invoke(HttpContext context) in C:\local\identity\server4\IdentityServer4\src\IdentityServer4\src\Hosting\BaseUrlMiddleware.cs:line 36
   at Microsoft.AspNetCore.TestHost.HttpContextBuilder.&lt;&gt;c__DisplayClass10_0.&lt;&lt;SendAsync&gt;b__0&gt;d.MoveNext()
--- End of stack trace from previous location where exception was thrown ---
   at Microsoft.AspNetCore.TestHost.ClientHandler.SendAsync(HttpRequestMessage request, CancellationToken cancellationToken)
   at System.Net.Http.HttpClient.FinishSendAsyncBuffered(Task`1 sendTask, HttpRequestMessage request, CancellationTokenSource cts, Boolean disposeCts)</error>
    </testcase>
    <testcase classname="Codenation.Challenge.AuthenticationTest" name="Codenation.Challenge.AuthenticationTest.Should_Non_Admin_User_Be_Not_Authorized_On_Route_User(userId: 7)" time="0.1440000">
      <error message="System.AggregateException : One or more errors occurred. (Invalid column name 'created_at'.)&#xD;&#xA;---- System.Data.SqlClient.SqlException : Invalid column name 'created_at'.">   at System.Threading.Tasks.Task`1.GetResultCore(Boolean waitCompletionNotification)
   at Codenation.Challenge.AuthenticationTest.GetToken(String email, String password) in C:\Users\Moonlit\codenation\csharp-10\Source.TestSubmission\AuthenticationTest.cs:line 60
   at Codenation.Challenge.AuthenticationTest.Should_Non_Admin_User_Be_Not_Authorized_On_Route_User(Int32 userId) in C:\Users\Moonlit\codenation\csharp-10\Source.TestSubmission\AuthenticationTest.cs:line 170
----- Inner Stack Trace -----
   at System.Data.SqlClient.SqlConnection.OnError(SqlException exception, Boolean breakConnection, Action`1 wrapCloseInAction)
   at System.Data.SqlClient.SqlInternalConnection.OnError(SqlException exception, Boolean breakConnection, Action`1 wrapCloseInAction)
   at System.Data.SqlClient.TdsParser.ThrowExceptionAndWarning(TdsParserStateObject stateObj, Boolean callerHasConnectionLock, Boolean asyncClose)
   at System.Data.SqlClient.TdsParser.TryRun(RunBehavior runBehavior, SqlCommand cmdHandler, SqlDataReader dataStream, BulkCopySimpleResultSet bulkCopyHandler, TdsParserStateObject stateObj, Boolean&amp; dataReady)
   at System.Data.SqlClient.SqlDataReader.TryConsumeMetaData()
   at System.Data.SqlClient.SqlDataReader.get_MetaData()
   at System.Data.SqlClient.SqlCommand.FinishExecuteReader(SqlDataReader ds, RunBehavior runBehavior, String resetOptionsString)
   at System.Data.SqlClient.SqlCommand.RunExecuteReaderTds(CommandBehavior cmdBehavior, RunBehavior runBehavior, Boolean returnStream, Boolean async, Int32 timeout, Task&amp; task, Boolean asyncWrite, SqlDataReader ds)
   at System.Data.SqlClient.SqlCommand.RunExecuteReader(CommandBehavior cmdBehavior, RunBehavior runBehavior, Boolean returnStream, TaskCompletionSource`1 completion, Int32 timeout, Task&amp; task, Boolean asyncWrite, String method)
   at System.Data.SqlClient.SqlCommand.ExecuteReader(CommandBehavior behavior)
   at System.Data.SqlClient.SqlCommand.ExecuteDbDataReader(CommandBehavior behavior)
   at System.Data.Common.DbCommand.ExecuteReader()
   at Microsoft.EntityFrameworkCore.Storage.Internal.RelationalCommand.Execute(IRelationalConnection connection, DbCommandMethod executeMethod, IReadOnlyDictionary`2 parameterValues)
   at Microsoft.EntityFrameworkCore.Storage.Internal.RelationalCommand.ExecuteReader(IRelationalConnection connection, IReadOnlyDictionary`2 parameterValues)
   at Microsoft.EntityFrameworkCore.Query.Internal.QueryingEnumerable`1.Enumerator.BufferlessMoveNext(DbContext _, Boolean buffer)
   at Microsoft.EntityFrameworkCore.SqlServer.Storage.Internal.SqlServerExecutionStrategy.Execute[TState,TResult](TState state, Func`3 operation, Func`3 verifySucceeded)
   at Microsoft.EntityFrameworkCore.Query.Internal.QueryingEnumerable`1.Enumerator.MoveNext()
   at System.Linq.Enumerable.TryGetFirst[TSource](IEnumerable`1 source, Boolean&amp; found)
   at lambda_method(Closure )
   at Microsoft.EntityFrameworkCore.Query.Internal.LinqOperatorProvider.ResultEnumerable`1.GetEnumerator()
   at Microsoft.EntityFrameworkCore.Query.Internal.LinqOperatorProvider._TrackEntities[TOut,TIn](IEnumerable`1 results, QueryContext queryContext, IList`1 entityTrackingInfos, IList`1 entityAccessors)+MoveNext()
   at Microsoft.EntityFrameworkCore.Query.Internal.LinqOperatorProvider.ExceptionInterceptor`1.EnumeratorExceptionInterceptor.MoveNext()
   at System.Linq.Enumerable.TryGetFirst[TSource](IEnumerable`1 source, Boolean&amp; found)
   at System.Linq.Enumerable.First[TSource](IEnumerable`1 source)
   at Microsoft.EntityFrameworkCore.Query.Internal.QueryCompiler.&lt;&gt;c__DisplayClass15_1`1.&lt;CompileQueryCore&gt;b__0(QueryContext qc)
   at Microsoft.EntityFrameworkCore.Query.Internal.QueryCompiler.Execute[TResult](Expression query)
   at Microsoft.EntityFrameworkCore.Query.Internal.EntityQueryProvider.Execute[TResult](Expression expression)
   at System.Linq.Queryable.FirstOrDefault[TSource](IQueryable`1 source)
   at Codenation.Challenge.Services.PasswordValidatorService.ValidateAsync(ResourceOwnerPasswordValidationContext context) in C:\Users\Moonlit\codenation\csharp-10\Source\Services\PasswordValidatorService.cs:line 25
   at IdentityServer4.Validation.TokenRequestValidator.ValidateResourceOwnerCredentialRequestAsync(NameValueCollection parameters) in C:\local\identity\server4\IdentityServer4\src\IdentityServer4\src\Validation\Default\TokenRequestValidator.cs:line 414
   at IdentityServer4.Validation.TokenRequestValidator.RunValidationAsync(Func`2 validationFunc, NameValueCollection parameters) in C:\local\identity\server4\IdentityServer4\src\IdentityServer4\src\Validation\Default\TokenRequestValidator.cs:line 151
   at IdentityServer4.Validation.TokenRequestValidator.ValidateRequestAsync(NameValueCollection parameters, ClientSecretValidationResult clientValidationResult) in C:\local\identity\server4\IdentityServer4\src\IdentityServer4\src\Validation\Default\TokenRequestValidator.cs:line 138
   at IdentityServer4.Endpoints.TokenEndpoint.ProcessTokenRequestAsync(HttpContext context) in C:\local\identity\server4\IdentityServer4\src\IdentityServer4\src\Endpoints\TokenEndpoint.cs:line 88
   at IdentityServer4.Endpoints.TokenEndpoint.ProcessAsync(HttpContext context) in C:\local\identity\server4\IdentityServer4\src\IdentityServer4\src\Endpoints\TokenEndpoint.cs:line 70
   at IdentityServer4.Hosting.IdentityServerMiddleware.Invoke(HttpContext context, IEndpointRouter router, IUserSession session, IEventService events) in C:\local\identity\server4\IdentityServer4\src\IdentityServer4\src\Hosting\IdentityServerMiddleware.cs:line 54
   at IdentityServer4.Hosting.IdentityServerMiddleware.Invoke(HttpContext context, IEndpointRouter router, IUserSession session, IEventService events) in C:\local\identity\server4\IdentityServer4\src\IdentityServer4\src\Hosting\IdentityServerMiddleware.cs:line 69
   at IdentityServer4.Hosting.MutualTlsTokenEndpointMiddleware.Invoke(HttpContext context, IAuthenticationSchemeProvider schemes) in C:\local\identity\server4\IdentityServer4\src\IdentityServer4\src\Hosting\MtlsTokenEndpointMiddleware.cs:line 60
   at Microsoft.AspNetCore.Authentication.AuthenticationMiddleware.Invoke(HttpContext context)
   at IdentityServer4.Hosting.BaseUrlMiddleware.Invoke(HttpContext context) in C:\local\identity\server4\IdentityServer4\src\IdentityServer4\src\Hosting\BaseUrlMiddleware.cs:line 36
   at Microsoft.AspNetCore.TestHost.HttpContextBuilder.&lt;&gt;c__DisplayClass10_0.&lt;&lt;SendAsync&gt;b__0&gt;d.MoveNext()
--- End of stack trace from previous location where exception was thrown ---
   at Microsoft.AspNetCore.TestHost.ClientHandler.SendAsync(HttpRequestMessage request, CancellationToken cancellationToken)
   at System.Net.Http.HttpClient.FinishSendAsyncBuffered(Task`1 sendTask, HttpRequestMessage request, CancellationTokenSource cts, Boolean disposeCts)</error>
    </testcase>
    <testcase classname="Codenation.Challenge.AuthenticationTest" name="Codenation.Challenge.AuthenticationTest.Should_Has_Authorize_Attribute_On_Controller(controller: &quot;CandidateController&quot;)" time="0.0780000" />
    <testcase classname="Codenation.Challenge.AuthenticationTest" name="Codenation.Challenge.AuthenticationTest.Should_Has_Authorize_Attribute_On_Controller(controller: &quot;AccelerationController&quot;)" time="0.0570000" />
    <testcase classname="Codenation.Challenge.AuthenticationTest" name="Codenation.Challenge.AuthenticationTest.Should_Has_Authorize_Attribute_On_Controller(controller: &quot;CompanyController&quot;)" time="0.0390000" />
    <testcase classname="Codenation.Challenge.AuthenticationTest" name="Codenation.Challenge.AuthenticationTest.Should_Has_Authorize_Attribute_On_Controller(controller: &quot;SubmissionController&quot;)" time="0.0680000" />
    <testcase classname="Codenation.Challenge.AuthenticationTest" name="Codenation.Challenge.AuthenticationTest.Should_Has_Authorize_Attribute_On_Controller(controller: &quot;UserController&quot;)" time="0.0780000" />
    <testcase classname="Codenation.Challenge.AuthenticationTest" name="Codenation.Challenge.AuthenticationTest.Should_User_Be_Authorized_On_Endpoint_With_Token(userId: 3, endpoint: &quot;/api/acceleration&quot;)" time="0.2440000">
      <error message="System.AggregateException : One or more errors occurred. (Invalid column name 'created_at'.)&#xD;&#xA;---- System.Data.SqlClient.SqlException : Invalid column name 'created_at'.">   at System.Threading.Tasks.Task`1.GetResultCore(Boolean waitCompletionNotification)
   at Codenation.Challenge.AuthenticationTest.GetToken(String email, String password) in C:\Users\Moonlit\codenation\csharp-10\Source.TestSubmission\AuthenticationTest.cs:line 60
   at Codenation.Challenge.AuthenticationTest.Should_User_Be_Authorized_On_Endpoint_With_Token(Int32 userId, String endpoint) in C:\Users\Moonlit\codenation\csharp-10\Source.TestSubmission\AuthenticationTest.cs:line 132
----- Inner Stack Trace -----
   at System.Data.SqlClient.SqlConnection.OnError(SqlException exception, Boolean breakConnection, Action`1 wrapCloseInAction)
   at System.Data.SqlClient.SqlInternalConnection.OnError(SqlException exception, Boolean breakConnection, Action`1 wrapCloseInAction)
   at System.Data.SqlClient.TdsParser.ThrowExceptionAndWarning(TdsParserStateObject stateObj, Boolean callerHasConnectionLock, Boolean asyncClose)
   at System.Data.SqlClient.TdsParser.TryRun(RunBehavior runBehavior, SqlCommand cmdHandler, SqlDataReader dataStream, BulkCopySimpleResultSet bulkCopyHandler, TdsParserStateObject stateObj, Boolean&amp; dataReady)
   at System.Data.SqlClient.SqlDataReader.TryConsumeMetaData()
   at System.Data.SqlClient.SqlDataReader.get_MetaData()
   at System.Data.SqlClient.SqlCommand.FinishExecuteReader(SqlDataReader ds, RunBehavior runBehavior, String resetOptionsString)
   at System.Data.SqlClient.SqlCommand.RunExecuteReaderTds(CommandBehavior cmdBehavior, RunBehavior runBehavior, Boolean returnStream, Boolean async, Int32 timeout, Task&amp; task, Boolean asyncWrite, SqlDataReader ds)
   at System.Data.SqlClient.SqlCommand.RunExecuteReader(CommandBehavior cmdBehavior, RunBehavior runBehavior, Boolean returnStream, TaskCompletionSource`1 completion, Int32 timeout, Task&amp; task, Boolean asyncWrite, String method)
   at System.Data.SqlClient.SqlCommand.ExecuteReader(CommandBehavior behavior)
   at System.Data.SqlClient.SqlCommand.ExecuteDbDataReader(CommandBehavior behavior)
   at System.Data.Common.DbCommand.ExecuteReader()
   at Microsoft.EntityFrameworkCore.Storage.Internal.RelationalCommand.Execute(IRelationalConnection connection, DbCommandMethod executeMethod, IReadOnlyDictionary`2 parameterValues)
   at Microsoft.EntityFrameworkCore.Storage.Internal.RelationalCommand.ExecuteReader(IRelationalConnection connection, IReadOnlyDictionary`2 parameterValues)
   at Microsoft.EntityFrameworkCore.Query.Internal.QueryingEnumerable`1.Enumerator.BufferlessMoveNext(DbContext _, Boolean buffer)
   at Microsoft.EntityFrameworkCore.SqlServer.Storage.Internal.SqlServerExecutionStrategy.Execute[TState,TResult](TState state, Func`3 operation, Func`3 verifySucceeded)
   at Microsoft.EntityFrameworkCore.Query.Internal.QueryingEnumerable`1.Enumerator.MoveNext()
   at System.Linq.Enumerable.TryGetFirst[TSource](IEnumerable`1 source, Boolean&amp; found)
   at lambda_method(Closure )
   at Microsoft.EntityFrameworkCore.Query.Internal.LinqOperatorProvider.ResultEnumerable`1.GetEnumerator()
   at Microsoft.EntityFrameworkCore.Query.Internal.LinqOperatorProvider._TrackEntities[TOut,TIn](IEnumerable`1 results, QueryContext queryContext, IList`1 entityTrackingInfos, IList`1 entityAccessors)+MoveNext()
   at Microsoft.EntityFrameworkCore.Query.Internal.LinqOperatorProvider.ExceptionInterceptor`1.EnumeratorExceptionInterceptor.MoveNext()
   at System.Linq.Enumerable.TryGetFirst[TSource](IEnumerable`1 source, Boolean&amp; found)
   at System.Linq.Enumerable.First[TSource](IEnumerable`1 source)
   at Microsoft.EntityFrameworkCore.Query.Internal.QueryCompiler.&lt;&gt;c__DisplayClass15_1`1.&lt;CompileQueryCore&gt;b__0(QueryContext qc)
   at Microsoft.EntityFrameworkCore.Query.Internal.QueryCompiler.Execute[TResult](Expression query)
   at Microsoft.EntityFrameworkCore.Query.Internal.EntityQueryProvider.Execute[TResult](Expression expression)
   at System.Linq.Queryable.FirstOrDefault[TSource](IQueryable`1 source)
   at Codenation.Challenge.Services.PasswordValidatorService.ValidateAsync(ResourceOwnerPasswordValidationContext context) in C:\Users\Moonlit\codenation\csharp-10\Source\Services\PasswordValidatorService.cs:line 25
   at IdentityServer4.Validation.TokenRequestValidator.ValidateResourceOwnerCredentialRequestAsync(NameValueCollection parameters) in C:\local\identity\server4\IdentityServer4\src\IdentityServer4\src\Validation\Default\TokenRequestValidator.cs:line 414
   at IdentityServer4.Validation.TokenRequestValidator.RunValidationAsync(Func`2 validationFunc, NameValueCollection parameters) in C:\local\identity\server4\IdentityServer4\src\IdentityServer4\src\Validation\Default\TokenRequestValidator.cs:line 151
   at IdentityServer4.Validation.TokenRequestValidator.ValidateRequestAsync(NameValueCollection parameters, ClientSecretValidationResult clientValidationResult) in C:\local\identity\server4\IdentityServer4\src\IdentityServer4\src\Validation\Default\TokenRequestValidator.cs:line 138
   at IdentityServer4.Endpoints.TokenEndpoint.ProcessTokenRequestAsync(HttpContext context) in C:\local\identity\server4\IdentityServer4\src\IdentityServer4\src\Endpoints\TokenEndpoint.cs:line 88
   at IdentityServer4.Endpoints.TokenEndpoint.ProcessAsync(HttpContext context) in C:\local\identity\server4\IdentityServer4\src\IdentityServer4\src\Endpoints\TokenEndpoint.cs:line 70
   at IdentityServer4.Hosting.IdentityServerMiddleware.Invoke(HttpContext context, IEndpointRouter router, IUserSession session, IEventService events) in C:\local\identity\server4\IdentityServer4\src\IdentityServer4\src\Hosting\IdentityServerMiddleware.cs:line 54
   at IdentityServer4.Hosting.IdentityServerMiddleware.Invoke(HttpContext context, IEndpointRouter router, IUserSession session, IEventService events) in C:\local\identity\server4\IdentityServer4\src\IdentityServer4\src\Hosting\IdentityServerMiddleware.cs:line 69
   at IdentityServer4.Hosting.MutualTlsTokenEndpointMiddleware.Invoke(HttpContext context, IAuthenticationSchemeProvider schemes) in C:\local\identity\server4\IdentityServer4\src\IdentityServer4\src\Hosting\MtlsTokenEndpointMiddleware.cs:line 60
   at Microsoft.AspNetCore.Authentication.AuthenticationMiddleware.Invoke(HttpContext context)
   at IdentityServer4.Hosting.BaseUrlMiddleware.Invoke(HttpContext context) in C:\local\identity\server4\IdentityServer4\src\IdentityServer4\src\Hosting\BaseUrlMiddleware.cs:line 36
   at Microsoft.AspNetCore.TestHost.HttpContextBuilder.&lt;&gt;c__DisplayClass10_0.&lt;&lt;SendAsync&gt;b__0&gt;d.MoveNext()
--- End of stack trace from previous location where exception was thrown ---
   at Microsoft.AspNetCore.TestHost.ClientHandler.SendAsync(HttpRequestMessage request, CancellationToken cancellationToken)
   at System.Net.Http.HttpClient.FinishSendAsyncBuffered(Task`1 sendTask, HttpRequestMessage request, CancellationTokenSource cts, Boolean disposeCts)</error>
    </testcase>
    <testcase classname="Codenation.Challenge.AuthenticationTest" name="Codenation.Challenge.AuthenticationTest.Should_User_Be_Authorized_On_Endpoint_With_Token(userId: 7, endpoint: &quot;/api/submission&quot;)" time="0.1580000">
      <error message="System.AggregateException : One or more errors occurred. (Invalid column name 'created_at'.)&#xD;&#xA;---- System.Data.SqlClient.SqlException : Invalid column name 'created_at'.">   at System.Threading.Tasks.Task`1.GetResultCore(Boolean waitCompletionNotification)
   at Codenation.Challenge.AuthenticationTest.GetToken(String email, String password) in C:\Users\Moonlit\codenation\csharp-10\Source.TestSubmission\AuthenticationTest.cs:line 60
   at Codenation.Challenge.AuthenticationTest.Should_User_Be_Authorized_On_Endpoint_With_Token(Int32 userId, String endpoint) in C:\Users\Moonlit\codenation\csharp-10\Source.TestSubmission\AuthenticationTest.cs:line 132
----- Inner Stack Trace -----
   at System.Data.SqlClient.SqlConnection.OnError(SqlException exception, Boolean breakConnection, Action`1 wrapCloseInAction)
   at System.Data.SqlClient.SqlInternalConnection.OnError(SqlException exception, Boolean breakConnection, Action`1 wrapCloseInAction)
   at System.Data.SqlClient.TdsParser.ThrowExceptionAndWarning(TdsParserStateObject stateObj, Boolean callerHasConnectionLock, Boolean asyncClose)
   at System.Data.SqlClient.TdsParser.TryRun(RunBehavior runBehavior, SqlCommand cmdHandler, SqlDataReader dataStream, BulkCopySimpleResultSet bulkCopyHandler, TdsParserStateObject stateObj, Boolean&amp; dataReady)
   at System.Data.SqlClient.SqlDataReader.TryConsumeMetaData()
   at System.Data.SqlClient.SqlDataReader.get_MetaData()
   at System.Data.SqlClient.SqlCommand.FinishExecuteReader(SqlDataReader ds, RunBehavior runBehavior, String resetOptionsString)
   at System.Data.SqlClient.SqlCommand.RunExecuteReaderTds(CommandBehavior cmdBehavior, RunBehavior runBehavior, Boolean returnStream, Boolean async, Int32 timeout, Task&amp; task, Boolean asyncWrite, SqlDataReader ds)
   at System.Data.SqlClient.SqlCommand.RunExecuteReader(CommandBehavior cmdBehavior, RunBehavior runBehavior, Boolean returnStream, TaskCompletionSource`1 completion, Int32 timeout, Task&amp; task, Boolean asyncWrite, String method)
   at System.Data.SqlClient.SqlCommand.ExecuteReader(CommandBehavior behavior)
   at System.Data.SqlClient.SqlCommand.ExecuteDbDataReader(CommandBehavior behavior)
   at System.Data.Common.DbCommand.ExecuteReader()
   at Microsoft.EntityFrameworkCore.Storage.Internal.RelationalCommand.Execute(IRelationalConnection connection, DbCommandMethod executeMethod, IReadOnlyDictionary`2 parameterValues)
   at Microsoft.EntityFrameworkCore.Storage.Internal.RelationalCommand.ExecuteReader(IRelationalConnection connection, IReadOnlyDictionary`2 parameterValues)
   at Microsoft.EntityFrameworkCore.Query.Internal.QueryingEnumerable`1.Enumerator.BufferlessMoveNext(DbContext _, Boolean buffer)
   at Microsoft.EntityFrameworkCore.SqlServer.Storage.Internal.SqlServerExecutionStrategy.Execute[TState,TResult](TState state, Func`3 operation, Func`3 verifySucceeded)
   at Microsoft.EntityFrameworkCore.Query.Internal.QueryingEnumerable`1.Enumerator.MoveNext()
   at System.Linq.Enumerable.TryGetFirst[TSource](IEnumerable`1 source, Boolean&amp; found)
   at lambda_method(Closure )
   at Microsoft.EntityFrameworkCore.Query.Internal.LinqOperatorProvider.ResultEnumerable`1.GetEnumerator()
   at Microsoft.EntityFrameworkCore.Query.Internal.LinqOperatorProvider._TrackEntities[TOut,TIn](IEnumerable`1 results, QueryContext queryContext, IList`1 entityTrackingInfos, IList`1 entityAccessors)+MoveNext()
   at Microsoft.EntityFrameworkCore.Query.Internal.LinqOperatorProvider.ExceptionInterceptor`1.EnumeratorExceptionInterceptor.MoveNext()
   at System.Linq.Enumerable.TryGetFirst[TSource](IEnumerable`1 source, Boolean&amp; found)
   at System.Linq.Enumerable.First[TSource](IEnumerable`1 source)
   at Microsoft.EntityFrameworkCore.Query.Internal.QueryCompiler.&lt;&gt;c__DisplayClass15_1`1.&lt;CompileQueryCore&gt;b__0(QueryContext qc)
   at Microsoft.EntityFrameworkCore.Query.Internal.QueryCompiler.Execute[TResult](Expression query)
   at Microsoft.EntityFrameworkCore.Query.Internal.EntityQueryProvider.Execute[TResult](Expression expression)
   at System.Linq.Queryable.FirstOrDefault[TSource](IQueryable`1 source)
   at Codenation.Challenge.Services.PasswordValidatorService.ValidateAsync(ResourceOwnerPasswordValidationContext context) in C:\Users\Moonlit\codenation\csharp-10\Source\Services\PasswordValidatorService.cs:line 25
   at IdentityServer4.Validation.TokenRequestValidator.ValidateResourceOwnerCredentialRequestAsync(NameValueCollection parameters) in C:\local\identity\server4\IdentityServer4\src\IdentityServer4\src\Validation\Default\TokenRequestValidator.cs:line 414
   at IdentityServer4.Validation.TokenRequestValidator.RunValidationAsync(Func`2 validationFunc, NameValueCollection parameters) in C:\local\identity\server4\IdentityServer4\src\IdentityServer4\src\Validation\Default\TokenRequestValidator.cs:line 151
   at IdentityServer4.Validation.TokenRequestValidator.ValidateRequestAsync(NameValueCollection parameters, ClientSecretValidationResult clientValidationResult) in C:\local\identity\server4\IdentityServer4\src\IdentityServer4\src\Validation\Default\TokenRequestValidator.cs:line 138
   at IdentityServer4.Endpoints.TokenEndpoint.ProcessTokenRequestAsync(HttpContext context) in C:\local\identity\server4\IdentityServer4\src\IdentityServer4\src\Endpoints\TokenEndpoint.cs:line 88
   at IdentityServer4.Endpoints.TokenEndpoint.ProcessAsync(HttpContext context) in C:\local\identity\server4\IdentityServer4\src\IdentityServer4\src\Endpoints\TokenEndpoint.cs:line 70
   at IdentityServer4.Hosting.IdentityServerMiddleware.Invoke(HttpContext context, IEndpointRouter router, IUserSession session, IEventService events) in C:\local\identity\server4\IdentityServer4\src\IdentityServer4\src\Hosting\IdentityServerMiddleware.cs:line 54
   at IdentityServer4.Hosting.IdentityServerMiddleware.Invoke(HttpContext context, IEndpointRouter router, IUserSession session, IEventService events) in C:\local\identity\server4\IdentityServer4\src\IdentityServer4\src\Hosting\IdentityServerMiddleware.cs:line 69
   at IdentityServer4.Hosting.MutualTlsTokenEndpointMiddleware.Invoke(HttpContext context, IAuthenticationSchemeProvider schemes) in C:\local\identity\server4\IdentityServer4\src\IdentityServer4\src\Hosting\MtlsTokenEndpointMiddleware.cs:line 60
   at Microsoft.AspNetCore.Authentication.AuthenticationMiddleware.Invoke(HttpContext context)
   at IdentityServer4.Hosting.BaseUrlMiddleware.Invoke(HttpContext context) in C:\local\identity\server4\IdentityServer4\src\IdentityServer4\src\Hosting\BaseUrlMiddleware.cs:line 36
   at Microsoft.AspNetCore.TestHost.HttpContextBuilder.&lt;&gt;c__DisplayClass10_0.&lt;&lt;SendAsync&gt;b__0&gt;d.MoveNext()
--- End of stack trace from previous location where exception was thrown ---
   at Microsoft.AspNetCore.TestHost.ClientHandler.SendAsync(HttpRequestMessage request, CancellationToken cancellationToken)
   at System.Net.Http.HttpClient.FinishSendAsyncBuffered(Task`1 sendTask, HttpRequestMessage request, CancellationTokenSource cts, Boolean disposeCts)</error>
    </testcase>
    <testcase classname="Codenation.Challenge.AuthenticationTest" name="Codenation.Challenge.AuthenticationTest.Should_User_Be_Authorized_On_Endpoint_With_Token(userId: 5, endpoint: &quot;/api/candidate&quot;)" time="0.1600000">
      <error message="System.AggregateException : One or more errors occurred. (Invalid column name 'created_at'.)&#xD;&#xA;---- System.Data.SqlClient.SqlException : Invalid column name 'created_at'.">   at System.Threading.Tasks.Task`1.GetResultCore(Boolean waitCompletionNotification)
   at Codenation.Challenge.AuthenticationTest.GetToken(String email, String password) in C:\Users\Moonlit\codenation\csharp-10\Source.TestSubmission\AuthenticationTest.cs:line 60
   at Codenation.Challenge.AuthenticationTest.Should_User_Be_Authorized_On_Endpoint_With_Token(Int32 userId, String endpoint) in C:\Users\Moonlit\codenation\csharp-10\Source.TestSubmission\AuthenticationTest.cs:line 132
----- Inner Stack Trace -----
   at System.Data.SqlClient.SqlConnection.OnError(SqlException exception, Boolean breakConnection, Action`1 wrapCloseInAction)
   at System.Data.SqlClient.SqlInternalConnection.OnError(SqlException exception, Boolean breakConnection, Action`1 wrapCloseInAction)
   at System.Data.SqlClient.TdsParser.ThrowExceptionAndWarning(TdsParserStateObject stateObj, Boolean callerHasConnectionLock, Boolean asyncClose)
   at System.Data.SqlClient.TdsParser.TryRun(RunBehavior runBehavior, SqlCommand cmdHandler, SqlDataReader dataStream, BulkCopySimpleResultSet bulkCopyHandler, TdsParserStateObject stateObj, Boolean&amp; dataReady)
   at System.Data.SqlClient.SqlDataReader.TryConsumeMetaData()
   at System.Data.SqlClient.SqlDataReader.get_MetaData()
   at System.Data.SqlClient.SqlCommand.FinishExecuteReader(SqlDataReader ds, RunBehavior runBehavior, String resetOptionsString)
   at System.Data.SqlClient.SqlCommand.RunExecuteReaderTds(CommandBehavior cmdBehavior, RunBehavior runBehavior, Boolean returnStream, Boolean async, Int32 timeout, Task&amp; task, Boolean asyncWrite, SqlDataReader ds)
   at System.Data.SqlClient.SqlCommand.RunExecuteReader(CommandBehavior cmdBehavior, RunBehavior runBehavior, Boolean returnStream, TaskCompletionSource`1 completion, Int32 timeout, Task&amp; task, Boolean asyncWrite, String method)
   at System.Data.SqlClient.SqlCommand.ExecuteReader(CommandBehavior behavior)
   at System.Data.SqlClient.SqlCommand.ExecuteDbDataReader(CommandBehavior behavior)
   at System.Data.Common.DbCommand.ExecuteReader()
   at Microsoft.EntityFrameworkCore.Storage.Internal.RelationalCommand.Execute(IRelationalConnection connection, DbCommandMethod executeMethod, IReadOnlyDictionary`2 parameterValues)
   at Microsoft.EntityFrameworkCore.Storage.Internal.RelationalCommand.ExecuteReader(IRelationalConnection connection, IReadOnlyDictionary`2 parameterValues)
   at Microsoft.EntityFrameworkCore.Query.Internal.QueryingEnumerable`1.Enumerator.BufferlessMoveNext(DbContext _, Boolean buffer)
   at Microsoft.EntityFrameworkCore.SqlServer.Storage.Internal.SqlServerExecutionStrategy.Execute[TState,TResult](TState state, Func`3 operation, Func`3 verifySucceeded)
   at Microsoft.EntityFrameworkCore.Query.Internal.QueryingEnumerable`1.Enumerator.MoveNext()
   at System.Linq.Enumerable.TryGetFirst[TSource](IEnumerable`1 source, Boolean&amp; found)
   at lambda_method(Closure )
   at Microsoft.EntityFrameworkCore.Query.Internal.LinqOperatorProvider.ResultEnumerable`1.GetEnumerator()
   at Microsoft.EntityFrameworkCore.Query.Internal.LinqOperatorProvider._TrackEntities[TOut,TIn](IEnumerable`1 results, QueryContext queryContext, IList`1 entityTrackingInfos, IList`1 entityAccessors)+MoveNext()
   at Microsoft.EntityFrameworkCore.Query.Internal.LinqOperatorProvider.ExceptionInterceptor`1.EnumeratorExceptionInterceptor.MoveNext()
   at System.Linq.Enumerable.TryGetFirst[TSource](IEnumerable`1 source, Boolean&amp; found)
   at System.Linq.Enumerable.First[TSource](IEnumerable`1 source)
   at Microsoft.EntityFrameworkCore.Query.Internal.QueryCompiler.&lt;&gt;c__DisplayClass15_1`1.&lt;CompileQueryCore&gt;b__0(QueryContext qc)
   at Microsoft.EntityFrameworkCore.Query.Internal.QueryCompiler.Execute[TResult](Expression query)
   at Microsoft.EntityFrameworkCore.Query.Internal.EntityQueryProvider.Execute[TResult](Expression expression)
   at System.Linq.Queryable.FirstOrDefault[TSource](IQueryable`1 source)
   at Codenation.Challenge.Services.PasswordValidatorService.ValidateAsync(ResourceOwnerPasswordValidationContext context) in C:\Users\Moonlit\codenation\csharp-10\Source\Services\PasswordValidatorService.cs:line 25
   at IdentityServer4.Validation.TokenRequestValidator.ValidateResourceOwnerCredentialRequestAsync(NameValueCollection parameters) in C:\local\identity\server4\IdentityServer4\src\IdentityServer4\src\Validation\Default\TokenRequestValidator.cs:line 414
   at IdentityServer4.Validation.TokenRequestValidator.RunValidationAsync(Func`2 validationFunc, NameValueCollection parameters) in C:\local\identity\server4\IdentityServer4\src\IdentityServer4\src\Validation\Default\TokenRequestValidator.cs:line 151
   at IdentityServer4.Validation.TokenRequestValidator.ValidateRequestAsync(NameValueCollection parameters, ClientSecretValidationResult clientValidationResult) in C:\local\identity\server4\IdentityServer4\src\IdentityServer4\src\Validation\Default\TokenRequestValidator.cs:line 138
   at IdentityServer4.Endpoints.TokenEndpoint.ProcessTokenRequestAsync(HttpContext context) in C:\local\identity\server4\IdentityServer4\src\IdentityServer4\src\Endpoints\TokenEndpoint.cs:line 88
   at IdentityServer4.Endpoints.TokenEndpoint.ProcessAsync(HttpContext context) in C:\local\identity\server4\IdentityServer4\src\IdentityServer4\src\Endpoints\TokenEndpoint.cs:line 70
   at IdentityServer4.Hosting.IdentityServerMiddleware.Invoke(HttpContext context, IEndpointRouter router, IUserSession session, IEventService events) in C:\local\identity\server4\IdentityServer4\src\IdentityServer4\src\Hosting\IdentityServerMiddleware.cs:line 54
   at IdentityServer4.Hosting.IdentityServerMiddleware.Invoke(HttpContext context, IEndpointRouter router, IUserSession session, IEventService events) in C:\local\identity\server4\IdentityServer4\src\IdentityServer4\src\Hosting\IdentityServerMiddleware.cs:line 69
   at IdentityServer4.Hosting.MutualTlsTokenEndpointMiddleware.Invoke(HttpContext context, IAuthenticationSchemeProvider schemes) in C:\local\identity\server4\IdentityServer4\src\IdentityServer4\src\Hosting\MtlsTokenEndpointMiddleware.cs:line 60
   at Microsoft.AspNetCore.Authentication.AuthenticationMiddleware.Invoke(HttpContext context)
   at IdentityServer4.Hosting.BaseUrlMiddleware.Invoke(HttpContext context) in C:\local\identity\server4\IdentityServer4\src\IdentityServer4\src\Hosting\BaseUrlMiddleware.cs:line 36
   at Microsoft.AspNetCore.TestHost.HttpContextBuilder.&lt;&gt;c__DisplayClass10_0.&lt;&lt;SendAsync&gt;b__0&gt;d.MoveNext()
--- End of stack trace from previous location where exception was thrown ---
   at Microsoft.AspNetCore.TestHost.ClientHandler.SendAsync(HttpRequestMessage request, CancellationToken cancellationToken)
   at System.Net.Http.HttpClient.FinishSendAsyncBuffered(Task`1 sendTask, HttpRequestMessage request, CancellationTokenSource cts, Boolean disposeCts)</error>
    </testcase>
    <testcase classname="Codenation.Challenge.AuthenticationTest" name="Codenation.Challenge.AuthenticationTest.Should_User_Be_Authorized_On_Endpoint_With_Token(userId: 1, endpoint: &quot;/api/company&quot;)" time="0.1910000">
      <error message="System.AggregateException : One or more errors occurred. (Invalid column name 'created_at'.)&#xD;&#xA;---- System.Data.SqlClient.SqlException : Invalid column name 'created_at'.">   at System.Threading.Tasks.Task`1.GetResultCore(Boolean waitCompletionNotification)
   at Codenation.Challenge.AuthenticationTest.GetToken(String email, String password) in C:\Users\Moonlit\codenation\csharp-10\Source.TestSubmission\AuthenticationTest.cs:line 60
   at Codenation.Challenge.AuthenticationTest.Should_User_Be_Authorized_On_Endpoint_With_Token(Int32 userId, String endpoint) in C:\Users\Moonlit\codenation\csharp-10\Source.TestSubmission\AuthenticationTest.cs:line 132
----- Inner Stack Trace -----
   at System.Data.SqlClient.SqlConnection.OnError(SqlException exception, Boolean breakConnection, Action`1 wrapCloseInAction)
   at System.Data.SqlClient.SqlInternalConnection.OnError(SqlException exception, Boolean breakConnection, Action`1 wrapCloseInAction)
   at System.Data.SqlClient.TdsParser.ThrowExceptionAndWarning(TdsParserStateObject stateObj, Boolean callerHasConnectionLock, Boolean asyncClose)
   at System.Data.SqlClient.TdsParser.TryRun(RunBehavior runBehavior, SqlCommand cmdHandler, SqlDataReader dataStream, BulkCopySimpleResultSet bulkCopyHandler, TdsParserStateObject stateObj, Boolean&amp; dataReady)
   at System.Data.SqlClient.SqlDataReader.TryConsumeMetaData()
   at System.Data.SqlClient.SqlDataReader.get_MetaData()
   at System.Data.SqlClient.SqlCommand.FinishExecuteReader(SqlDataReader ds, RunBehavior runBehavior, String resetOptionsString)
   at System.Data.SqlClient.SqlCommand.RunExecuteReaderTds(CommandBehavior cmdBehavior, RunBehavior runBehavior, Boolean returnStream, Boolean async, Int32 timeout, Task&amp; task, Boolean asyncWrite, SqlDataReader ds)
   at System.Data.SqlClient.SqlCommand.RunExecuteReader(CommandBehavior cmdBehavior, RunBehavior runBehavior, Boolean returnStream, TaskCompletionSource`1 completion, Int32 timeout, Task&amp; task, Boolean asyncWrite, String method)
   at System.Data.SqlClient.SqlCommand.ExecuteReader(CommandBehavior behavior)
   at System.Data.SqlClient.SqlCommand.ExecuteDbDataReader(CommandBehavior behavior)
   at System.Data.Common.DbCommand.ExecuteReader()
   at Microsoft.EntityFrameworkCore.Storage.Internal.RelationalCommand.Execute(IRelationalConnection connection, DbCommandMethod executeMethod, IReadOnlyDictionary`2 parameterValues)
   at Microsoft.EntityFrameworkCore.Storage.Internal.RelationalCommand.ExecuteReader(IRelationalConnection connection, IReadOnlyDictionary`2 parameterValues)
   at Microsoft.EntityFrameworkCore.Query.Internal.QueryingEnumerable`1.Enumerator.BufferlessMoveNext(DbContext _, Boolean buffer)
   at Microsoft.EntityFrameworkCore.SqlServer.Storage.Internal.SqlServerExecutionStrategy.Execute[TState,TResult](TState state, Func`3 operation, Func`3 verifySucceeded)
   at Microsoft.EntityFrameworkCore.Query.Internal.QueryingEnumerable`1.Enumerator.MoveNext()
   at System.Linq.Enumerable.TryGetFirst[TSource](IEnumerable`1 source, Boolean&amp; found)
   at lambda_method(Closure )
   at Microsoft.EntityFrameworkCore.Query.Internal.LinqOperatorProvider.ResultEnumerable`1.GetEnumerator()
   at Microsoft.EntityFrameworkCore.Query.Internal.LinqOperatorProvider._TrackEntities[TOut,TIn](IEnumerable`1 results, QueryContext queryContext, IList`1 entityTrackingInfos, IList`1 entityAccessors)+MoveNext()
   at Microsoft.EntityFrameworkCore.Query.Internal.LinqOperatorProvider.ExceptionInterceptor`1.EnumeratorExceptionInterceptor.MoveNext()
   at System.Linq.Enumerable.TryGetFirst[TSource](IEnumerable`1 source, Boolean&amp; found)
   at System.Linq.Enumerable.First[TSource](IEnumerable`1 source)
   at Microsoft.EntityFrameworkCore.Query.Internal.QueryCompiler.&lt;&gt;c__DisplayClass15_1`1.&lt;CompileQueryCore&gt;b__0(QueryContext qc)
   at Microsoft.EntityFrameworkCore.Query.Internal.QueryCompiler.Execute[TResult](Expression query)
   at Microsoft.EntityFrameworkCore.Query.Internal.EntityQueryProvider.Execute[TResult](Expression expression)
   at System.Linq.Queryable.FirstOrDefault[TSource](IQueryable`1 source)
   at Codenation.Challenge.Services.PasswordValidatorService.ValidateAsync(ResourceOwnerPasswordValidationContext context) in C:\Users\Moonlit\codenation\csharp-10\Source\Services\PasswordValidatorService.cs:line 25
   at IdentityServer4.Validation.TokenRequestValidator.ValidateResourceOwnerCredentialRequestAsync(NameValueCollection parameters) in C:\local\identity\server4\IdentityServer4\src\IdentityServer4\src\Validation\Default\TokenRequestValidator.cs:line 414
   at IdentityServer4.Validation.TokenRequestValidator.RunValidationAsync(Func`2 validationFunc, NameValueCollection parameters) in C:\local\identity\server4\IdentityServer4\src\IdentityServer4\src\Validation\Default\TokenRequestValidator.cs:line 151
   at IdentityServer4.Validation.TokenRequestValidator.ValidateRequestAsync(NameValueCollection parameters, ClientSecretValidationResult clientValidationResult) in C:\local\identity\server4\IdentityServer4\src\IdentityServer4\src\Validation\Default\TokenRequestValidator.cs:line 138
   at IdentityServer4.Endpoints.TokenEndpoint.ProcessTokenRequestAsync(HttpContext context) in C:\local\identity\server4\IdentityServer4\src\IdentityServer4\src\Endpoints\TokenEndpoint.cs:line 88
   at IdentityServer4.Endpoints.TokenEndpoint.ProcessAsync(HttpContext context) in C:\local\identity\server4\IdentityServer4\src\IdentityServer4\src\Endpoints\TokenEndpoint.cs:line 70
   at IdentityServer4.Hosting.IdentityServerMiddleware.Invoke(HttpContext context, IEndpointRouter router, IUserSession session, IEventService events) in C:\local\identity\server4\IdentityServer4\src\IdentityServer4\src\Hosting\IdentityServerMiddleware.cs:line 54
   at IdentityServer4.Hosting.IdentityServerMiddleware.Invoke(HttpContext context, IEndpointRouter router, IUserSession session, IEventService events) in C:\local\identity\server4\IdentityServer4\src\IdentityServer4\src\Hosting\IdentityServerMiddleware.cs:line 69
   at IdentityServer4.Hosting.MutualTlsTokenEndpointMiddleware.Invoke(HttpContext context, IAuthenticationSchemeProvider schemes) in C:\local\identity\server4\IdentityServer4\src\IdentityServer4\src\Hosting\MtlsTokenEndpointMiddleware.cs:line 60
   at Microsoft.AspNetCore.Authentication.AuthenticationMiddleware.Invoke(HttpContext context)
   at IdentityServer4.Hosting.BaseUrlMiddleware.Invoke(HttpContext context) in C:\local\identity\server4\IdentityServer4\src\IdentityServer4\src\Hosting\BaseUrlMiddleware.cs:line 36
   at Microsoft.AspNetCore.TestHost.HttpContextBuilder.&lt;&gt;c__DisplayClass10_0.&lt;&lt;SendAsync&gt;b__0&gt;d.MoveNext()
--- End of stack trace from previous location where exception was thrown ---
   at Microsoft.AspNetCore.TestHost.ClientHandler.SendAsync(HttpRequestMessage request, CancellationToken cancellationToken)
   at System.Net.Http.HttpClient.FinishSendAsyncBuffered(Task`1 sendTask, HttpRequestMessage request, CancellationTokenSource cts, Boolean disposeCts)</error>
    </testcase>
    <testcase classname="Codenation.Challenge.AuthenticationTest" name="Codenation.Challenge.AuthenticationTest.Should_Admin_Be_Authorized_On_Route_User" time="0.2190000">
      <error message="System.AggregateException : One or more errors occurred. (Invalid column name 'created_at'.)&#xD;&#xA;---- System.Data.SqlClient.SqlException : Invalid column name 'created_at'.">   at System.Threading.Tasks.Task`1.GetResultCore(Boolean waitCompletionNotification)
   at Codenation.Challenge.AuthenticationTest.GetToken(String email, String password) in C:\Users\Moonlit\codenation\csharp-10\Source.TestSubmission\AuthenticationTest.cs:line 60
   at Codenation.Challenge.AuthenticationTest.Should_Admin_Be_Authorized_On_Route_User() in C:\Users\Moonlit\codenation\csharp-10\Source.TestSubmission\AuthenticationTest.cs:line 148
----- Inner Stack Trace -----
   at System.Data.SqlClient.SqlConnection.OnError(SqlException exception, Boolean breakConnection, Action`1 wrapCloseInAction)
   at System.Data.SqlClient.SqlInternalConnection.OnError(SqlException exception, Boolean breakConnection, Action`1 wrapCloseInAction)
   at System.Data.SqlClient.TdsParser.ThrowExceptionAndWarning(TdsParserStateObject stateObj, Boolean callerHasConnectionLock, Boolean asyncClose)
   at System.Data.SqlClient.TdsParser.TryRun(RunBehavior runBehavior, SqlCommand cmdHandler, SqlDataReader dataStream, BulkCopySimpleResultSet bulkCopyHandler, TdsParserStateObject stateObj, Boolean&amp; dataReady)
   at System.Data.SqlClient.SqlDataReader.TryConsumeMetaData()
   at System.Data.SqlClient.SqlDataReader.get_MetaData()
   at System.Data.SqlClient.SqlCommand.FinishExecuteReader(SqlDataReader ds, RunBehavior runBehavior, String resetOptionsString)
   at System.Data.SqlClient.SqlCommand.RunExecuteReaderTds(CommandBehavior cmdBehavior, RunBehavior runBehavior, Boolean returnStream, Boolean async, Int32 timeout, Task&amp; task, Boolean asyncWrite, SqlDataReader ds)
   at System.Data.SqlClient.SqlCommand.RunExecuteReader(CommandBehavior cmdBehavior, RunBehavior runBehavior, Boolean returnStream, TaskCompletionSource`1 completion, Int32 timeout, Task&amp; task, Boolean asyncWrite, String method)
   at System.Data.SqlClient.SqlCommand.ExecuteReader(CommandBehavior behavior)
   at System.Data.SqlClient.SqlCommand.ExecuteDbDataReader(CommandBehavior behavior)
   at System.Data.Common.DbCommand.ExecuteReader()
   at Microsoft.EntityFrameworkCore.Storage.Internal.RelationalCommand.Execute(IRelationalConnection connection, DbCommandMethod executeMethod, IReadOnlyDictionary`2 parameterValues)
   at Microsoft.EntityFrameworkCore.Storage.Internal.RelationalCommand.ExecuteReader(IRelationalConnection connection, IReadOnlyDictionary`2 parameterValues)
   at Microsoft.EntityFrameworkCore.Query.Internal.QueryingEnumerable`1.Enumerator.BufferlessMoveNext(DbContext _, Boolean buffer)
   at Microsoft.EntityFrameworkCore.SqlServer.Storage.Internal.SqlServerExecutionStrategy.Execute[TState,TResult](TState state, Func`3 operation, Func`3 verifySucceeded)
   at Microsoft.EntityFrameworkCore.Query.Internal.QueryingEnumerable`1.Enumerator.MoveNext()
   at System.Linq.Enumerable.TryGetFirst[TSource](IEnumerable`1 source, Boolean&amp; found)
   at lambda_method(Closure )
   at Microsoft.EntityFrameworkCore.Query.Internal.LinqOperatorProvider.ResultEnumerable`1.GetEnumerator()
   at Microsoft.EntityFrameworkCore.Query.Internal.LinqOperatorProvider._TrackEntities[TOut,TIn](IEnumerable`1 results, QueryContext queryContext, IList`1 entityTrackingInfos, IList`1 entityAccessors)+MoveNext()
   at Microsoft.EntityFrameworkCore.Query.Internal.LinqOperatorProvider.ExceptionInterceptor`1.EnumeratorExceptionInterceptor.MoveNext()
   at System.Linq.Enumerable.TryGetFirst[TSource](IEnumerable`1 source, Boolean&amp; found)
   at System.Linq.Enumerable.First[TSource](IEnumerable`1 source)
   at Microsoft.EntityFrameworkCore.Query.Internal.QueryCompiler.&lt;&gt;c__DisplayClass15_1`1.&lt;CompileQueryCore&gt;b__0(QueryContext qc)
   at Microsoft.EntityFrameworkCore.Query.Internal.QueryCompiler.Execute[TResult](Expression query)
   at Microsoft.EntityFrameworkCore.Query.Internal.EntityQueryProvider.Execute[TResult](Expression expression)
   at System.Linq.Queryable.FirstOrDefault[TSource](IQueryable`1 source)
   at Codenation.Challenge.Services.PasswordValidatorService.ValidateAsync(ResourceOwnerPasswordValidationContext context) in C:\Users\Moonlit\codenation\csharp-10\Source\Services\PasswordValidatorService.cs:line 25
   at IdentityServer4.Validation.TokenRequestValidator.ValidateResourceOwnerCredentialRequestAsync(NameValueCollection parameters) in C:\local\identity\server4\IdentityServer4\src\IdentityServer4\src\Validation\Default\TokenRequestValidator.cs:line 414
   at IdentityServer4.Validation.TokenRequestValidator.RunValidationAsync(Func`2 validationFunc, NameValueCollection parameters) in C:\local\identity\server4\IdentityServer4\src\IdentityServer4\src\Validation\Default\TokenRequestValidator.cs:line 151
   at IdentityServer4.Validation.TokenRequestValidator.ValidateRequestAsync(NameValueCollection parameters, ClientSecretValidationResult clientValidationResult) in C:\local\identity\server4\IdentityServer4\src\IdentityServer4\src\Validation\Default\TokenRequestValidator.cs:line 138
   at IdentityServer4.Endpoints.TokenEndpoint.ProcessTokenRequestAsync(HttpContext context) in C:\local\identity\server4\IdentityServer4\src\IdentityServer4\src\Endpoints\TokenEndpoint.cs:line 88
   at IdentityServer4.Endpoints.TokenEndpoint.ProcessAsync(HttpContext context) in C:\local\identity\server4\IdentityServer4\src\IdentityServer4\src\Endpoints\TokenEndpoint.cs:line 70
   at IdentityServer4.Hosting.IdentityServerMiddleware.Invoke(HttpContext context, IEndpointRouter router, IUserSession session, IEventService events) in C:\local\identity\server4\IdentityServer4\src\IdentityServer4\src\Hosting\IdentityServerMiddleware.cs:line 54
   at IdentityServer4.Hosting.IdentityServerMiddleware.Invoke(HttpContext context, IEndpointRouter router, IUserSession session, IEventService events) in C:\local\identity\server4\IdentityServer4\src\IdentityServer4\src\Hosting\IdentityServerMiddleware.cs:line 69
   at IdentityServer4.Hosting.MutualTlsTokenEndpointMiddleware.Invoke(HttpContext context, IAuthenticationSchemeProvider schemes) in C:\local\identity\server4\IdentityServer4\src\IdentityServer4\src\Hosting\MtlsTokenEndpointMiddleware.cs:line 60
   at Microsoft.AspNetCore.Authentication.AuthenticationMiddleware.Invoke(HttpContext context)
   at IdentityServer4.Hosting.BaseUrlMiddleware.Invoke(HttpContext context) in C:\local\identity\server4\IdentityServer4\src\IdentityServer4\src\Hosting\BaseUrlMiddleware.cs:line 36
   at Microsoft.AspNetCore.TestHost.HttpContextBuilder.&lt;&gt;c__DisplayClass10_0.&lt;&lt;SendAsync&gt;b__0&gt;d.MoveNext()
--- End of stack trace from previous location where exception was thrown ---
   at Microsoft.AspNetCore.TestHost.ClientHandler.SendAsync(HttpRequestMessage request, CancellationToken cancellationToken)
   at System.Net.Http.HttpClient.FinishSendAsyncBuffered(Task`1 sendTask, HttpRequestMessage request, CancellationTokenSource cts, Boolean disposeCts)</error>
    </testcase>
    <testcase classname="Codenation.Challenge.AuthenticationTest" name="Codenation.Challenge.AuthenticationTest.Should_Route_Be_Not_Authorized_When_Call_With_No_Token(endpoint: &quot;/api/candidate&quot;)" time="0.4490000" />
    <testcase classname="Codenation.Challenge.AuthenticationTest" name="Codenation.Challenge.AuthenticationTest.Should_Route_Be_Not_Authorized_When_Call_With_No_Token(endpoint: &quot;/api/submission&quot;)" time="0.0660000" />
    <testcase classname="Codenation.Challenge.AuthenticationTest" name="Codenation.Challenge.AuthenticationTest.Should_Route_Be_Not_Authorized_When_Call_With_No_Token(endpoint: &quot;/api/acceleration&quot;)" time="0.0900000" />
    <testcase classname="Codenation.Challenge.AuthenticationTest" name="Codenation.Challenge.AuthenticationTest.Should_Route_Be_Not_Authorized_When_Call_With_No_Token(endpoint: &quot;/api/user&quot;)" time="0.0990000" />
    <testcase classname="Codenation.Challenge.AuthenticationTest" name="Codenation.Challenge.AuthenticationTest.Should_Route_Be_Not_Authorized_When_Call_With_No_Token(endpoint: &quot;/api/company&quot;)" time="0.0580000" />
    <testcase classname="Codenation.Challenge.AuthenticationTest" name="Codenation.Challenge.AuthenticationTest.Should_Be_Generate_A_Valid_Token(userId: 1)" time="0.1270000">
      <error message="System.AggregateException : One or more errors occurred. (Invalid column name 'created_at'.)&#xD;&#xA;---- System.Data.SqlClient.SqlException : Invalid column name 'created_at'.">   at System.Threading.Tasks.Task`1.GetResultCore(Boolean waitCompletionNotification)
   at Codenation.Challenge.AuthenticationTest.GetToken(String email, String password) in C:\Users\Moonlit\codenation\csharp-10\Source.TestSubmission\AuthenticationTest.cs:line 60
   at Codenation.Challenge.AuthenticationTest.Should_Be_Generate_A_Valid_Token(Int32 userId) in C:\Users\Moonlit\codenation\csharp-10\Source.TestSubmission\AuthenticationTest.cs:line 113
----- Inner Stack Trace -----
   at System.Data.SqlClient.SqlConnection.OnError(SqlException exception, Boolean breakConnection, Action`1 wrapCloseInAction)
   at System.Data.SqlClient.SqlInternalConnection.OnError(SqlException exception, Boolean breakConnection, Action`1 wrapCloseInAction)
   at System.Data.SqlClient.TdsParser.ThrowExceptionAndWarning(TdsParserStateObject stateObj, Boolean callerHasConnectionLock, Boolean asyncClose)
   at System.Data.SqlClient.TdsParser.TryRun(RunBehavior runBehavior, SqlCommand cmdHandler, SqlDataReader dataStream, BulkCopySimpleResultSet bulkCopyHandler, TdsParserStateObject stateObj, Boolean&amp; dataReady)
   at System.Data.SqlClient.SqlDataReader.TryConsumeMetaData()
   at System.Data.SqlClient.SqlDataReader.get_MetaData()
   at System.Data.SqlClient.SqlCommand.FinishExecuteReader(SqlDataReader ds, RunBehavior runBehavior, String resetOptionsString)
   at System.Data.SqlClient.SqlCommand.RunExecuteReaderTds(CommandBehavior cmdBehavior, RunBehavior runBehavior, Boolean returnStream, Boolean async, Int32 timeout, Task&amp; task, Boolean asyncWrite, SqlDataReader ds)
   at System.Data.SqlClient.SqlCommand.RunExecuteReader(CommandBehavior cmdBehavior, RunBehavior runBehavior, Boolean returnStream, TaskCompletionSource`1 completion, Int32 timeout, Task&amp; task, Boolean asyncWrite, String method)
   at System.Data.SqlClient.SqlCommand.ExecuteReader(CommandBehavior behavior)
   at System.Data.SqlClient.SqlCommand.ExecuteDbDataReader(CommandBehavior behavior)
   at System.Data.Common.DbCommand.ExecuteReader()
   at Microsoft.EntityFrameworkCore.Storage.Internal.RelationalCommand.Execute(IRelationalConnection connection, DbCommandMethod executeMethod, IReadOnlyDictionary`2 parameterValues)
   at Microsoft.EntityFrameworkCore.Storage.Internal.RelationalCommand.ExecuteReader(IRelationalConnection connection, IReadOnlyDictionary`2 parameterValues)
   at Microsoft.EntityFrameworkCore.Query.Internal.QueryingEnumerable`1.Enumerator.BufferlessMoveNext(DbContext _, Boolean buffer)
   at Microsoft.EntityFrameworkCore.SqlServer.Storage.Internal.SqlServerExecutionStrategy.Execute[TState,TResult](TState state, Func`3 operation, Func`3 verifySucceeded)
   at Microsoft.EntityFrameworkCore.Query.Internal.QueryingEnumerable`1.Enumerator.MoveNext()
   at System.Linq.Enumerable.TryGetFirst[TSource](IEnumerable`1 source, Boolean&amp; found)
   at lambda_method(Closure )
   at Microsoft.EntityFrameworkCore.Query.Internal.LinqOperatorProvider.ResultEnumerable`1.GetEnumerator()
   at Microsoft.EntityFrameworkCore.Query.Internal.LinqOperatorProvider._TrackEntities[TOut,TIn](IEnumerable`1 results, QueryContext queryContext, IList`1 entityTrackingInfos, IList`1 entityAccessors)+MoveNext()
   at Microsoft.EntityFrameworkCore.Query.Internal.LinqOperatorProvider.ExceptionInterceptor`1.EnumeratorExceptionInterceptor.MoveNext()
   at System.Linq.Enumerable.TryGetFirst[TSource](IEnumerable`1 source, Boolean&amp; found)
   at System.Linq.Enumerable.First[TSource](IEnumerable`1 source)
   at Microsoft.EntityFrameworkCore.Query.Internal.QueryCompiler.&lt;&gt;c__DisplayClass15_1`1.&lt;CompileQueryCore&gt;b__0(QueryContext qc)
   at Microsoft.EntityFrameworkCore.Query.Internal.QueryCompiler.Execute[TResult](Expression query)
   at Microsoft.EntityFrameworkCore.Query.Internal.EntityQueryProvider.Execute[TResult](Expression expression)
   at System.Linq.Queryable.FirstOrDefault[TSource](IQueryable`1 source)
   at Codenation.Challenge.Services.PasswordValidatorService.ValidateAsync(ResourceOwnerPasswordValidationContext context) in C:\Users\Moonlit\codenation\csharp-10\Source\Services\PasswordValidatorService.cs:line 25
[...]
   at System.Data.SqlClient.SqlCommand.RunExecuteReader(CommandBehavior cmdBehavior, RunBehavior runBehavior, Boolean returnStream, TaskCompletionSource`1 completion, Int32 timeout, Task&amp; task, Boolean asyncWrite, String method)
   at System.Data.SqlClient.SqlCommand.ExecuteReader(CommandBehavior behavior)
   at System.Data.SqlClient.SqlCommand.ExecuteDbDataReader(CommandBehavior behavior)
   at System.Data.Common.DbCommand.ExecuteReader()
   at Microsoft.EntityFrameworkCore.Storage.Internal.RelationalCommand.Execute(IRelationalConnection connection, DbCommandMethod executeMethod, IReadOnlyDictionary`2 parameterValues)
   at Microsoft.EntityFrameworkCore.Storage.Internal.RelationalCommand.ExecuteReader(IRelationalConnection connection, IReadOnlyDictionary`2 parameterValues)
   at Microsoft.EntityFrameworkCore.Query.Internal.QueryingEnumerable`1.Enumerator.BufferlessMoveNext(DbContext _, Boolean buffer)
   at Microsoft.EntityFrameworkCore.SqlServer.Storage.Internal.SqlServerExecutionStrategy.Execute[TState,TResult](TState state, Func`3 operation, Func`3 verifySucceeded)
   at Microsoft.EntityFrameworkCore.Query.Internal.QueryingEnumerable`1.Enumerator.MoveNext()
   at System.Linq.Enumerable.TryGetFirst[TSource](IEnumerable`1 source, Boolean&amp; found)
   at lambda_method(Closure )
   at Microsoft.EntityFrameworkCore.Query.Internal.LinqOperatorProvider.ResultEnumerable`1.GetEnumerator()
   at Microsoft.EntityFrameworkCore.Query.Internal.LinqOperatorProvider._TrackEntities[TOut,TIn](IEnumerable`1 results, QueryContext queryContext, IList`1 entityTrackingInfos, IList`1 entityAccessors)+MoveNext()
   at Microsoft.EntityFrameworkCore.Query.Internal.LinqOperatorProvider.ExceptionInterceptor`1.EnumeratorExceptionInterceptor.MoveNext()
   at System.Linq.Enumerable.TryGetFirst[TSource](IEnumerable`1 source, Boolean&amp; found)
   at System.Linq.Enumerable.First[TSource](IEnumerable`1 source)
   at Microsoft.EntityFrameworkCore.Query.Internal.QueryCompiler.&lt;&gt;c__DisplayClass15_1`1.&lt;CompileQueryCore&gt;b__0(QueryContext qc)
   at Microsoft.EntityFrameworkCore.Query.Internal.QueryCompiler.Execute[TResult](Expression query)
   at Microsoft.EntityFrameworkCore.Query.Internal.EntityQueryProvider.Execute[TResult](Expression expression)
   at System.Linq.Queryable.FirstOrDefault[TSource](IQueryable`1 source)
   at Codenation.Challenge.Services.PasswordValidatorService.ValidateAsync(ResourceOwnerPasswordValidationContext context) in C:\Users\Moonlit\codenation\csharp-10\Source\Services\PasswordValidatorService.cs:line 25
   at IdentityServer4.Validation.TokenRequestValidator.ValidateResourceOwnerCredentialRequestAsync(NameValueCollection parameters) in C:\local\identity\server4\IdentityServer4\src\IdentityServer4\src\Validation\Default\TokenRequestValidator.cs:line 414
   at IdentityServer4.Validation.TokenRequestValidator.RunValidationAsync(Func`2 validationFunc, NameValueCollection parameters) in C:\local\identity\server4\IdentityServer4\src\IdentityServer4\src\Validation\Default\TokenRequestValidator.cs:line 151
   at IdentityServer4.Validation.TokenRequestValidator.ValidateRequestAsync(NameValueCollection parameters, ClientSecretValidationResult clientValidationResult) in C:\local\identity\server4\IdentityServer4\src\IdentityServer4\src\Validation\Default\TokenRequestValidator.cs:line 138
   at IdentityServer4.Endpoints.TokenEndpoint.ProcessTokenRequestAsync(HttpContext context) in C:\local\identity\server4\IdentityServer4\src\IdentityServer4\src\Endpoints\TokenEndpoint.cs:line 88
   at IdentityServer4.Endpoints.TokenEndpoint.ProcessAsync(HttpContext context) in C:\local\identity\server4\IdentityServer4\src\IdentityServer4\src\Endpoints\TokenEndpoint.cs:line 70
   at IdentityServer4.Hosting.IdentityServerMiddleware.Invoke(HttpContext context, IEndpointRouter router, IUserSession session, IEventService events) in C:\local\identity\server4\IdentityServer4\src\IdentityServer4\src\Hosting\IdentityServerMiddleware.cs:line 54
   at IdentityServer4.Hosting.IdentityServerMiddleware.Invoke(HttpContext context, IEndpointRouter router, IUserSession session, IEventService events) in C:\local\identity\server4\IdentityServer4\src\IdentityServer4\src\Hosting\IdentityServerMiddleware.cs:line 69
   at IdentityServer4.Hosting.MutualTlsTokenEndpointMiddleware.Invoke(HttpContext context, IAuthenticationSchemeProvider schemes) in C:\local\identity\server4\IdentityServer4\src\IdentityServer4\src\Hosting\MtlsTokenEndpointMiddleware.cs:line 60
   at Microsoft.AspNetCore.Authentication.AuthenticationMiddleware.Invoke(HttpContext context)
   at IdentityServer4.Hosting.BaseUrlMiddleware.Invoke(HttpContext context) in C:\local\identity\server4\IdentityServer4\src\IdentityServer4\src\Hosting\BaseUrlMiddleware.cs:line 36
   at Microsoft.AspNetCore.TestHost.HttpContextBuilder.&lt;&gt;c__DisplayClass10_0.&lt;&lt;SendAsync&gt;b__0&gt;d.MoveNext()
--- End of stack trace from previous location where exception was thrown ---
   at Microsoft.AspNetCore.TestHost.ClientHandler.SendAsync(HttpRequestMessage request, CancellationToken cancellationToken)
   at System.Net.Http.HttpClient.FinishSendAsyncBuffered(Task`1 sendTask, HttpRequestMessage request, CancellationTokenSource cts, Boolean disposeCts)</error>
    </testcase>
    <testcase classname="Codenation.Challenge.AuthenticationTest" name="Codenation.Challenge.AuthenticationTest.Should_Be_Generate_A_Valid_Token(userId: 3)" time="0.1460000">
      <error message="System.AggregateException : One or more errors occurred. (Invalid column name 'created_at'.)&#xD;&#xA;---- System.Data.SqlClient.SqlException : Invalid column name 'created_at'.">   at System.Threading.Tasks.Task`1.GetResultCore(Boolean waitCompletionNotification)
   at Codenation.Challenge.AuthenticationTest.GetToken(String email, String password) in C:\Users\Moonlit\codenation\csharp-10\Source.TestSubmission\AuthenticationTest.cs:line 60
   at Codenation.Challenge.AuthenticationTest.Should_Be_Generate_A_Valid_Token(Int32 userId) in C:\Users\Moonlit\codenation\csharp-10\Source.TestSubmission\AuthenticationTest.cs:line 113
----- Inner Stack Trace -----
   at System.Data.SqlClient.SqlConnection.OnError(SqlException exception, Boolean breakConnection, Action`1 wrapCloseInAction)
   at System.Data.SqlClient.SqlInternalConnection.OnError(SqlException exception, Boolean breakConnection, Action`1 wrapCloseInAction)
   at System.Data.SqlClient.TdsParser.ThrowExceptionAndWarning(TdsParserStateObject stateObj, Boolean callerHasConnectionLock, Boolean asyncClose)
   at System.Data.SqlClient.TdsParser.TryRun(RunBehavior runBehavior, SqlCommand cmdHandler, SqlDataReader dataStream, BulkCopySimpleResultSet bulkCopyHandler, TdsParserStateObject stateObj, Boolean&amp; dataReady)
   at System.Data.SqlClient.SqlDataReader.TryConsumeMetaData()
   at System.Data.SqlClient.SqlDataReader.get_MetaData()
   at System.Data.SqlClient.SqlCommand.FinishExecuteReader(SqlDataReader ds, RunBehavior runBehavior, String resetOptionsString)
   at System.Data.SqlClient.SqlCommand.RunExecuteReaderTds(CommandBehavior cmdBehavior, RunBehavior runBehavior, Boolean returnStream, Boolean async, Int32 timeout, Task&amp; task, Boolean asyncWrite, SqlDataReader ds)
   at System.Data.SqlClient.SqlCommand.RunExecuteReader(CommandBehavior cmdBehavior, RunBehavior runBehavior, Boolean returnStream, TaskCompletionSource`1 completion, Int32 timeout, Task&amp; task, Boolean asyncWrite, String method)
   at System.Data.SqlClient.SqlCommand.ExecuteReader(CommandBehavior behavior)
   at System.Data.SqlClient.SqlCommand.ExecuteDbDataReader(CommandBehavior behavior)
   at System.Data.Common.DbCommand.ExecuteReader()
   at Microsoft.EntityFrameworkCore.Storage.Internal.RelationalCommand.Execute(IRelationalConnection connection, DbCommandMethod executeMethod, IReadOnlyDictionary`2 parameterValues)
   at Microsoft.EntityFrameworkCore.Storage.Internal.RelationalCommand.ExecuteReader(IRelationalConnection connection, IReadOnlyDictionary`2 parameterValues)
   at Microsoft.EntityFrameworkCore.Query.Internal.QueryingEnumerable`1.Enumerator.BufferlessMoveNext(DbContext _, Boolean buffer)
   at Microsoft.EntityFrameworkCore.SqlServer.Storage.Internal.SqlServerExecutionStrategy.Execute[TState,TResult](TState state, Func`3 operation, Func`3 verifySucceeded)
   at Microsoft.EntityFrameworkCore.Query.Internal.QueryingEnumerable`1.Enumerator.MoveNext()
   at System.Linq.Enumerable.TryGetFirst[TSource](IEnumerable`1 source, Boolean&amp; found)
   at lambda_method(Closure )
   at Microsoft.EntityFrameworkCore.Query.Internal.LinqOperatorProvider.ResultEnumerable`1.GetEnumerator()
   at Microsoft.EntityFrameworkCore.Query.Internal.LinqOperatorProvider._TrackEntities[TOut,TIn](IEnumerable`1 results, QueryContext queryContext, IList`1 entityTrackingInfos, IList`1 entityAccessors)+MoveNext()
   at Microsoft.EntityFrameworkCore.Query.Internal.LinqOperatorProvider.ExceptionInterceptor`1.EnumeratorExceptionInterceptor.MoveNext()
   at System.Linq.Enumerable.TryGetFirst[TSource](IEnumerable`1 source, Boolean&amp; found)
   at System.Linq.Enumerable.First[TSource](IEnumerable`1 source)
   at Microsoft.EntityFrameworkCore.Query.Internal.QueryCompiler.&lt;&gt;c__DisplayClass15_1`1.&lt;CompileQueryCore&gt;b__0(QueryContext qc)
   at Microsoft.EntityFrameworkCore.Query.Internal.QueryCompiler.Execute[TResult](Expression query)
   at Microsoft.EntityFrameworkCore.Query.Internal.EntityQueryProvider.Execute[TResult](Expression expression)
   at System.Linq.Queryable.FirstOrDefault[TSource](IQueryable`1 source)
   at Codenation.Challenge.Services.PasswordValidatorService.ValidateAsync(ResourceOwnerPasswordValidationContext context) in C:\Users\Moonlit\codenation\csharp-10\Source\Services\PasswordValidatorService.cs:line 25
   at IdentityServer4.Validation.TokenRequestValidator.ValidateResourceOwnerCredentialRequestAsync(NameValueCollection parameters) in C:\local\identity\server4\IdentityServer4\src\IdentityServer4\src\Validation\Default\TokenRequestValidator.cs:line 414
   at IdentityServer4.Validation.TokenRequestValidator.RunValidationAsync(Func`2 validationFunc, NameValueCollection parameters) in C:\local\identity\server4\IdentityServer4\src\IdentityServer4\src\Validation\Default\TokenRequestValidator.cs:line 151
   at IdentityServer4.Validation.TokenRequestValidator.ValidateRequestAsync(NameValueCollection parameters, ClientSecretValidationResult clientValidationResult) in C:\local\identity\server4\IdentityServer4\src\IdentityServer4\src\Validation\Default\TokenRequestValidator.cs:line 138
   at IdentityServer4.Endpoints.TokenEndpoint.ProcessTokenRequestAsync(HttpContext context) in C:\local\identity\server4\IdentityServer4\src\IdentityServer4\src\Endpoints\TokenEndpoint.cs:line 88
   at IdentityServer4.Endpoints.TokenEndpoint.ProcessAsync(HttpContext context) in C:\local\identity\server4\IdentityServer4\src\IdentityServer4\src\Endpoints\TokenEndpoint.cs:line 70
   at IdentityServer4.Hosting.IdentityServerMiddleware.Invoke(HttpContext context, IEndpointRouter router, IUserSession session, IEventService events) in C:\local\identity\server4\IdentityServer4\src\IdentityServer4\src\Hosting\IdentityServerMiddleware.cs:line 54
   at IdentityServer4.Hosting.IdentityServerMiddleware.Invoke(HttpContext context, IEndpointRouter router, IUserSession session, IEventService events) in C:\local\identity\server4\IdentityServer4\src\IdentityServer4\src\Hosting\IdentityServerMiddleware.cs:line 69
   at IdentityServer4.Hosting.MutualTlsTokenEndpointMiddleware.Invoke(HttpContext context, IAuthenticationSchemeProvider schemes) in C:\local\identity\server4\IdentityServer4\src\IdentityServer4\src\Hosting\MtlsTokenEndpointMiddleware.cs:line 60
   at Microsoft.AspNetCore.Authentication.AuthenticationMiddleware.Invoke(HttpContext context)
   at IdentityServer4.Hosting.BaseUrlMiddleware.Invoke(HttpContext context) in C:\local\identity\server4\IdentityServer4\src\IdentityServer4\src\Hosting\BaseUrlMiddleware.cs:line 36
   at Microsoft.AspNetCore.TestHost.HttpContextBuilder.&lt;&gt;c__DisplayClass10_0.&lt;&lt;SendAsync&gt;b__0&gt;d.MoveNext()
--- End of stack trace from previous location where exception was thrown ---
   at Microsoft.AspNetCore.TestHost.ClientHandler.SendAsync(HttpRequestMessage request, CancellationToken cancellationToken)
   at System.Net.Http.HttpClient.FinishSendAsyncBuffered(Task`1 sendTask, HttpRequestMessage request, CancellationTokenSource cts, Boolean disposeCts)</error>
    </testcase>
    <testcase classname="Codenation.Challenge.AuthenticationTest" name="Codenation.Challenge.AuthenticationTest.Should_Be_Generate_A_Valid_Token(userId: 9)" time="0.1530000">
      <error message="System.AggregateException : One or more errors occurred. (Invalid column name 'created_at'.)&#xD;&#xA;---- System.Data.SqlClient.SqlException : Invalid column name 'created_at'.">   at System.Threading.Tasks.Task`1.GetResultCore(Boolean waitCompletionNotification)
   at Codenation.Challenge.AuthenticationTest.GetToken(String email, String password) in C:\Users\Moonlit\codenation\csharp-10\Source.TestSubmission\AuthenticationTest.cs:line 60
   at Codenation.Challenge.AuthenticationTest.Should_Be_Generate_A_Valid_Token(Int32 userId) in C:\Users\Moonlit\codenation\csharp-10\Source.TestSubmission\AuthenticationTest.cs:line 113
----- Inner Stack Trace -----
   at System.Data.SqlClient.SqlConnection.OnError(SqlException exception, Boolean breakConnection, Action`1 wrapCloseInAction)
   at System.Data.SqlClient.SqlInternalConnection.OnError(SqlException exception, Boolean breakConnection, Action`1 wrapCloseInAction)
   at System.Data.SqlClient.TdsParser.ThrowExceptionAndWarning(TdsParserStateObject stateObj, Boolean callerHasConnectionLock, Boolean asyncClose)
   at System.Data.SqlClient.TdsParser.TryRun(RunBehavior runBehavior, SqlCommand cmdHandler, SqlDataReader dataStream, BulkCopySimpleResultSet bulkCopyHandler, TdsParserStateObject stateObj, Boolean&amp; dataReady)
   at System.Data.SqlClient.SqlDataReader.TryConsumeMetaData()
   at System.Data.SqlClient.SqlDataReader.get_MetaData()
   at System.Data.SqlClient.SqlCommand.FinishExecuteReader(SqlDataReader ds, RunBehavior runBehavior, String resetOptionsString)
   at System.Data.SqlClient.SqlCommand.RunExecuteReaderTds(CommandBehavior cmdBehavior, RunBehavior runBehavior, Boolean returnStream, Boolean async, Int32 timeout, Task&amp; task, Boolean asyncWrite, SqlDataReader ds)
   at System.Data.SqlClient.SqlCommand.RunExecuteReader(CommandBehavior cmdBehavior, RunBehavior runBehavior, Boolean returnStream, TaskCompletionSource`1 completion, Int32 timeout, Task&amp; task, Boolean asyncWrite, String method)
   at System.Data.SqlClient.SqlCommand.ExecuteReader(CommandBehavior behavior)
   at System.Data.SqlClient.SqlCommand.ExecuteDbDataReader(CommandBehavior behavior)
   at System.Data.Common.DbCommand.ExecuteReader()
   at Microsoft.EntityFrameworkCore.Storage.Internal.RelationalCommand.Execute(IRelationalConnection connection, DbCommandMethod executeMethod, IReadOnlyDictionary`2 parameterValues)
   at Microsoft.EntityFrameworkCore.Storage.Internal.RelationalCommand.ExecuteReader(IRelationalConnection connection, IReadOnlyDictionary`2 parameterValues)
   at Microsoft.EntityFrameworkCore.Query.Internal.QueryingEnumerable`1.Enumerator.BufferlessMoveNext(DbContext _, Boolean buffer)
   at Microsoft.EntityFrameworkCore.SqlServer.Storage.Internal.SqlServerExecutionStrategy.Execute[TState,TResult](TState state, Func`3 operation, Func`3 verifySucceeded)
   at Microsoft.EntityFrameworkCore.Query.Internal.QueryingEnumerable`1.Enumerator.MoveNext()
   at System.Linq.Enumerable.TryGetFirst[TSource](IEnumerable`1 source, Boolean&amp; found)
   at lambda_method(Closure )
   at Microsoft.EntityFrameworkCore.Query.Internal.LinqOperatorProvider.ResultEnumerable`1.GetEnumerator()
   at Microsoft.EntityFrameworkCore.Query.Internal.LinqOperatorProvider._TrackEntities[TOut,TIn](IEnumerable`1 results, QueryContext queryContext, IList`1 entityTrackingInfos, IList`1 entityAccessors)+MoveNext()
   at Microsoft.EntityFrameworkCore.Query.Internal.LinqOperatorProvider.ExceptionInterceptor`1.EnumeratorExceptionInterceptor.MoveNext()
   at System.Linq.Enumerable.TryGetFirst[TSource](IEnumerable`1 source, Boolean&amp; found)
   at System.Linq.Enumerable.First[TSource](IEnumerable`1 source)
   at Microsoft.EntityFrameworkCore.Query.Internal.QueryCompiler.&lt;&gt;c__DisplayClass15_1`1.&lt;CompileQueryCore&gt;b__0(QueryContext qc)
   at Microsoft.EntityFrameworkCore.Query.Internal.QueryCompiler.Execute[TResult](Expression query)
   at Microsoft.EntityFrameworkCore.Query.Internal.EntityQueryProvider.Execute[TResult](Expression expression)
   at System.Linq.Queryable.FirstOrDefault[TSource](IQueryable`1 source)
   at Codenation.Challenge.Services.PasswordValidatorService.ValidateAsync(ResourceOwnerPasswordValidationContext context) in C:\Users\Moonlit\codenation\csharp-10\Source\Services\PasswordValidatorService.cs:line 25
   at IdentityServer4.Validation.TokenRequestValidator.ValidateResourceOwnerCredentialRequestAsync(NameValueCollection parameters) in C:\local\identity\server4\IdentityServer4\src\IdentityServer4\src\Validation\Default\TokenRequestValidator.cs:line 414
   at IdentityServer4.Validation.TokenRequestValidator.RunValidationAsync(Func`2 validationFunc, NameValueCollection parameters) in C:\local\identity\server4\IdentityServer4\src\IdentityServer4\src\Validation\Default\TokenRequestValidator.cs:line 151
   at IdentityServer4.Validation.TokenRequestValidator.ValidateRequestAsync(NameValueCollection parameters, ClientSecretValidationResult clientValidationResult) in C:\local\identity\server4\IdentityServer4\src\IdentityServer4\src\Validation\Default\TokenRequestValidator.cs:line 138
   at IdentityServer4.Endpoints.TokenEndpoint.ProcessTokenRequestAsync(HttpContext context) in C:\local\identity\server4\IdentityServer4\src\IdentityServer4\src\Endpoints\TokenEndpoint.cs:line 88
   at IdentityServer4.Endpoints.TokenEndpoint.ProcessAsync(HttpContext context) in C:\local\identity\server4\IdentityServer4\src\IdentityServer4\src\Endpoints\TokenEndpoint.cs:line 70
   at IdentityServer4.Hosting.IdentityServerMiddleware.Invoke(HttpContext context, IEndpointRouter router, IUserSession session, IEventService events) in C:\local\identity\server4\IdentityServer4\src\IdentityServer4\src\Hosting\IdentityServerMiddleware.cs:line 54
   at IdentityServer4.Hosting.IdentityServerMiddleware.Invoke(HttpContext context, IEndpointRouter router, IUserSession session, IEventService events) in C:\local\identity\server4\IdentityServer4\src\IdentityServer4\src\Hosting\IdentityServerMiddleware.cs:line 69
   at IdentityServer4.Hosting.MutualTlsTokenEndpointMiddleware.Invoke(HttpContext context, IAuthenticationSchemeProvider schemes) in C:\local\identity\server4\IdentityServer4\src\IdentityServer4\src\Hosting\MtlsTokenEndpointMiddleware.cs:line 60
   at Microsoft.AspNetCore.Authentication.AuthenticationMiddleware.Invoke(HttpContext context)
   at IdentityServer4.Hosting.BaseUrlMiddleware.Invoke(HttpContext context) in C:\local\identity\server4\IdentityServer4\src\IdentityServer4\src\Hosting\BaseUrlMiddleware.cs:line 36
   at Microsoft.AspNetCore.TestHost.HttpContextBuilder.&lt;&gt;c__DisplayClass10_0.&lt;&lt;SendAsync&gt;b__0&gt;d.MoveNext()
--- End of stack trace from previous location where exception was thrown ---
   at Microsoft.AspNetCore.TestHost.ClientHandler.SendAsync(HttpRequestMessage request, CancellationToken cancellationToken)
   at System.Net.Http.HttpClient.FinishSendAsyncBuffered(Task`1 sendTask, HttpRequestMessage request, CancellationTokenSource cts, Boolean disposeCts)</error>
    </testcase>
    <testcase classname="Codenation.Challenge.AuthenticationTest" name="Codenation.Challenge.AuthenticationTest.Should_Challenge_Route_Be_Authorized_When_Call_With_No_Token" time="0.6520000" />
  </testsuite>
</testsuites>